<?xml version="1.0" encoding="UTF-8"?>
<testng-results ignored="0" total="2" passed="2" failed="0" skipped="0">
  <reporter-output>
  </reporter-output>
  <suite started-at="2018-12-06T23:06:55Z" name="Suite" finished-at="2018-12-06T23:06:55Z" duration-ms="54">
    <groups>
    </groups>
    <test started-at="2018-12-06T23:06:55Z" name="Test" finished-at="2018-12-06T23:06:55Z" duration-ms="54">
      <class name="com.maven.firstTest">
        <test-method signature="hello()[pri:0, instance:com.maven.firstTest@4de4b452]" started-at="2018-12-06T23:06:55Z" name="hello" finished-at="2018-12-06T23:06:55Z" duration-ms="0" status="PASS">
          <reporter-output>
          </reporter-output>
        </test-method> <!-- hello -->
      </class> <!-- com.maven.firstTest -->
      <class name="com.maven.secondTest">
        <test-method signature="hello2()[pri:0, instance:com.maven.secondTest@33990a0c]" started-at="2018-12-06T23:06:55Z" name="hello2" finished-at="2018-12-06T23:06:55Z" duration-ms="15" status="PASS">
          <reporter-output>
          </reporter-output>
        </test-method> <!-- hello2 -->
      </class> <!-- com.maven.secondTest -->
    </test> <!-- Test -->
  </suite> <!-- Suite -->
</testng-results>
