<?xml version="1.0" encoding="UTF-8"?>
<testng-results ignored="0" total="1" passed="1" failed="0" skipped="0">
  <reporter-output>
  </reporter-output>
  <suite started-at="2018-12-06T02:01:19Z" name="Default suite" finished-at="2018-12-06T02:01:19Z" duration-ms="34">
    <groups>
    </groups>
    <test started-at="2018-12-06T02:01:19Z" name="Default test" finished-at="2018-12-06T02:01:19Z" duration-ms="34">
      <class name="com.maven.secondTest">
        <test-method signature="hello2()[pri:0, instance:com.maven.secondTest@18d87d80]" started-at="2018-12-06T02:01:19Z" name="hello2" finished-at="2018-12-06T02:01:19Z" duration-ms="10" status="PASS">
          <reporter-output>
          </reporter-output>
        </test-method> <!-- hello2 -->
      </class> <!-- com.maven.secondTest -->
    </test> <!-- Default test -->
  </suite> <!-- Default suite -->
</testng-results>
