<?xml version="1.0" encoding="UTF-8"?>
<testng-results ignored="0" total="1" passed="0" failed="0" skipped="1">
  <reporter-output>
  </reporter-output>
  <suite started-at="2018-12-08T19:22:21Z" name="Default suite" finished-at="2018-12-08T19:22:21Z" duration-ms="77">
    <groups>
    </groups>
    <test started-at="2018-12-08T19:22:21Z" name="Default test" finished-at="2018-12-08T19:22:21Z" duration-ms="77">
      <class name="MavenHomework.AssignmentOne">
        <test-method is-config="true" signature="setup()[pri:0, instance:MavenHomework.AssignmentOne@485966cc]" started-at="2018-12-08T19:22:21Z" name="setup" finished-at="2018-12-08T19:22:21Z" duration-ms="9" status="FAIL">
          <exception class="java.lang.StackOverflowError">
            <full-stacktrace>
              <![CDATA[java.lang.StackOverflowError
at MavenHomework.AssignmentOne.setup(AssignmentOne.java:11)
at MavenHomework.AssignmentOne.setup(AssignmentOne.java:11)
at MavenHomework.AssignmentOne.setup(AssignmentOne.java:11)
at MavenHomework.AssignmentOne.setup(AssignmentOne.java:11)
at MavenHomework.AssignmentOne.setup(AssignmentOne.java:11)
at MavenHomework.AssignmentOne.setup(AssignmentOne.java:11)
at MavenHomework.AssignmentOne.setup(AssignmentOne.java:11)
at MavenHomework.AssignmentOne.setup(AssignmentOne.java:11)
at MavenHomework.AssignmentOne.setup(AssignmentOne.java:11)
at MavenHomework.AssignmentOne.setup(AssignmentOne.java:11)
at MavenHomework.AssignmentOne.setup(AssignmentOne.java:11)
at MavenHomework.AssignmentOne.setup(AssignmentOne.java:11)
at MavenHomework.AssignmentOne.setup(AssignmentOne.java:11)
at MavenHomework.AssignmentOne.setup(AssignmentOne.java:11)
at MavenHomework.AssignmentOne.setup(AssignmentOne.java:11)
at MavenHomework.AssignmentOne.setup(AssignmentOne.java:11)
at MavenHomework.AssignmentOne.setup(AssignmentOne.java:11)
at MavenHomework.AssignmentOne.setup(AssignmentOne.java:11)
at MavenHomework.AssignmentOne.setup(AssignmentOne.java:11)
at MavenHomework.AssignmentOne.setup(AssignmentOne.java:11)
at MavenHomework.AssignmentOne.setup(AssignmentOne.java:11)
at MavenHomework.AssignmentOne.setup(AssignmentOne.java:11)
at MavenHomework.AssignmentOne.setup(AssignmentOne.java:11)
at MavenHomework.AssignmentOne.setup(AssignmentOne.java:11)
at MavenHomework.AssignmentOne.setup(AssignmentOne.java:11)
at MavenHomework.AssignmentOne.setup(AssignmentOne.java:11)
at MavenHomework.AssignmentOne.setup(AssignmentOne.java:11)
at MavenHomework.AssignmentOne.setup(AssignmentOne.java:11)
at MavenHomework.AssignmentOne.setup(AssignmentOne.java:11)
at MavenHomework.AssignmentOne.setup(AssignmentOne.java:11)
at MavenHomework.AssignmentOne.setup(AssignmentOne.java:11)
at MavenHomework.AssignmentOne.setup(AssignmentOne.java:11)
at MavenHomework.AssignmentOne.setup(AssignmentOne.java:11)
at MavenHomework.AssignmentOne.setup(AssignmentOne.java:11)
at MavenHomework.AssignmentOne.setup(AssignmentOne.java:11)
at MavenHomework.AssignmentOne.setup(AssignmentOne.java:11)
at MavenHomework.AssignmentOne.setup(AssignmentOne.java:11)
at MavenHomework.AssignmentOne.setup(AssignmentOne.java:11)
at MavenHomework.AssignmentOne.setup(AssignmentOne.java:11)
at MavenHomework.AssignmentOne.setup(AssignmentOne.java:11)
at MavenHomework.AssignmentOne.setup(AssignmentOne.java:11)
at MavenHomework.AssignmentOne.setup(AssignmentOne.java:11)
at MavenHomework.AssignmentOne.setup(AssignmentOne.java:11)
at MavenHomework.AssignmentOne.setup(AssignmentOne.java:11)
at MavenHomework.AssignmentOne.setup(AssignmentOne.java:11)
at MavenHomework.AssignmentOne.setup(AssignmentOne.java:11)
at MavenHomework.AssignmentOne.setup(AssignmentOne.java:11)
at MavenHomework.AssignmentOne.setup(AssignmentOne.java:11)
at MavenHomework.AssignmentOne.setup(AssignmentOne.java:11)
at MavenHomework.AssignmentOne.setup(AssignmentOne.java:11)
at MavenHomework.AssignmentOne.setup(AssignmentOne.java:11)
at MavenHomework.AssignmentOne.setup(AssignmentOne.java:11)
at MavenHomework.AssignmentOne.setup(AssignmentOne.java:11)
at MavenHomework.AssignmentOne.setup(AssignmentOne.java:11)
at MavenHomework.AssignmentOne.setup(AssignmentOne.java:11)
at MavenHomework.AssignmentOne.setup(AssignmentOne.java:11)
at MavenHomework.AssignmentOne.setup(AssignmentOne.java:11)
at MavenHomework.AssignmentOne.setup(AssignmentOne.java:11)
at MavenHomework.AssignmentOne.setup(AssignmentOne.java:11)
at MavenHomework.AssignmentOne.setup(AssignmentOne.java:11)
at MavenHomework.AssignmentOne.setup(AssignmentOne.java:11)
at MavenHomework.AssignmentOne.setup(AssignmentOne.java:11)
at MavenHomework.AssignmentOne.setup(AssignmentOne.java:11)
at MavenHomework.AssignmentOne.setup(AssignmentOne.java:11)
at MavenHomework.AssignmentOne.setup(AssignmentOne.java:11)
at MavenHomework.AssignmentOne.setup(AssignmentOne.java:11)
at MavenHomework.AssignmentOne.setup(AssignmentOne.java:11)
at MavenHomework.AssignmentOne.setup(AssignmentOne.java:11)
at MavenHomework.AssignmentOne.setup(AssignmentOne.java:11)
at MavenHomework.AssignmentOne.setup(AssignmentOne.java:11)
at MavenHomework.AssignmentOne.setup(AssignmentOne.java:11)
at MavenHomework.AssignmentOne.setup(AssignmentOne.java:11)
at MavenHomework.AssignmentOne.setup(AssignmentOne.java:11)
at MavenHomework.AssignmentOne.setup(AssignmentOne.java:11)
at MavenHomework.AssignmentOne.setup(AssignmentOne.java:11)
at MavenHomework.AssignmentOne.setup(AssignmentOne.java:11)
at MavenHomework.AssignmentOne.setup(AssignmentOne.java:11)
at MavenHomework.AssignmentOne.setup(AssignmentOne.java:11)
at MavenHomework.AssignmentOne.setup(AssignmentOne.java:11)
at MavenHomework.AssignmentOne.setup(AssignmentOne.java:11)
at MavenHomework.AssignmentOne.setup(AssignmentOne.java:11)
at MavenHomework.AssignmentOne.setup(AssignmentOne.java:11)
at MavenHomework.AssignmentOne.setup(AssignmentOne.java:11)
at MavenHomework.AssignmentOne.setup(AssignmentOne.java:11)
at MavenHomework.AssignmentOne.setup(AssignmentOne.java:11)
at MavenHomework.AssignmentOne.setup(AssignmentOne.java:11)
at MavenHomework.AssignmentOne.setup(AssignmentOne.java:11)
at MavenHomework.AssignmentOne.setup(AssignmentOne.java:11)
at MavenHomework.AssignmentOne.setup(AssignmentOne.java:11)
at MavenHomework.AssignmentOne.setup(AssignmentOne.java:11)
at MavenHomework.AssignmentOne.setup(AssignmentOne.java:11)
at MavenHomework.AssignmentOne.setup(AssignmentOne.java:11)
at MavenHomework.AssignmentOne.setup(AssignmentOne.java:11)
at MavenHomework.AssignmentOne.setup(AssignmentOne.java:11)
at MavenHomework.AssignmentOne.setup(AssignmentOne.java:11)
at MavenHomework.AssignmentOne.setup(AssignmentOne.java:11)
at MavenHomework.AssignmentOne.setup(AssignmentOne.java:11)
at MavenHomework.AssignmentOne.setup(AssignmentOne.java:11)
at MavenHomework.AssignmentOne.setup(AssignmentOne.java:11)
at MavenHomework.AssignmentOne.setup(AssignmentOne.java:11)
at MavenHomework.AssignmentOne.setup(AssignmentOne.java:11)
at MavenHomework.AssignmentOne.setup(AssignmentOne.java:11)
at MavenHomework.AssignmentOne.setup(AssignmentOne.java:11)
at MavenHomework.AssignmentOne.setup(AssignmentOne.java:11)
at MavenHomework.AssignmentOne.setup(AssignmentOne.java:11)
at MavenHomework.AssignmentOne.setup(AssignmentOne.java:11)
at MavenHomework.AssignmentOne.setup(AssignmentOne.java:11)
at MavenHomework.AssignmentOne.setup(AssignmentOne.java:11)
at MavenHomework.AssignmentOne.setup(AssignmentOne.java:11)
at MavenHomework.AssignmentOne.setup(AssignmentOne.java:11)
at MavenHomework.AssignmentOne.setup(AssignmentOne.java:11)
at MavenHomework.AssignmentOne.setup(AssignmentOne.java:11)
at MavenHomework.AssignmentOne.setup(AssignmentOne.java:11)
at MavenHomework.AssignmentOne.setup(AssignmentOne.java:11)
at MavenHomework.AssignmentOne.setup(AssignmentOne.java:11)
at MavenHomework.AssignmentOne.setup(AssignmentOne.java:11)
at MavenHomework.AssignmentOne.setup(AssignmentOne.java:11)
at MavenHomework.AssignmentOne.setup(AssignmentOne.java:11)
at MavenHomework.AssignmentOne.setup(AssignmentOne.java:11)
at MavenHomework.AssignmentOne.setup(AssignmentOne.java:11)
at MavenHomework.AssignmentOne.setup(AssignmentOne.java:11)
at MavenHomework.AssignmentOne.setup(AssignmentOne.java:11)
at MavenHomework.AssignmentOne.setup(AssignmentOne.java:11)
at MavenHomework.AssignmentOne.setup(AssignmentOne.java:11)
at MavenHomework.AssignmentOne.setup(AssignmentOne.java:11)
at MavenHomework.AssignmentOne.setup(AssignmentOne.java:11)
at MavenHomework.AssignmentOne.setup(AssignmentOne.java:11)
at MavenHomework.AssignmentOne.setup(AssignmentOne.java:11)
at MavenHomework.AssignmentOne.setup(AssignmentOne.java:11)
at MavenHomework.AssignmentOne.setup(AssignmentOne.java:11)
at MavenHomework.AssignmentOne.setup(AssignmentOne.java:11)
at MavenHomework.AssignmentOne.setup(AssignmentOne.java:11)
at MavenHomework.AssignmentOne.setup(AssignmentOne.java:11)
at MavenHomework.AssignmentOne.setup(AssignmentOne.java:11)
at MavenHomework.AssignmentOne.setup(AssignmentOne.java:11)
at MavenHomework.AssignmentOne.setup(AssignmentOne.java:11)
at MavenHomework.AssignmentOne.setup(AssignmentOne.java:11)
at MavenHomework.AssignmentOne.setup(AssignmentOne.java:11)
at MavenHomework.AssignmentOne.setup(AssignmentOne.java:11)
at MavenHomework.AssignmentOne.setup(AssignmentOne.java:11)
at MavenHomework.AssignmentOne.setup(AssignmentOne.java:11)
at MavenHomework.AssignmentOne.setup(AssignmentOne.java:11)
at MavenHomework.AssignmentOne.setup(AssignmentOne.java:11)
at MavenHomework.AssignmentOne.setup(AssignmentOne.java:11)
at MavenHomework.AssignmentOne.setup(AssignmentOne.java:11)
at MavenHomework.AssignmentOne.setup(AssignmentOne.java:11)
at MavenHomework.AssignmentOne.setup(AssignmentOne.java:11)
at MavenHomework.AssignmentOne.setup(AssignmentOne.java:11)
at MavenHomework.AssignmentOne.setup(AssignmentOne.java:11)
at MavenHomework.AssignmentOne.setup(AssignmentOne.java:11)
at MavenHomework.AssignmentOne.setup(AssignmentOne.java:11)
at MavenHomework.AssignmentOne.setup(AssignmentOne.java:11)
at MavenHomework.AssignmentOne.setup(AssignmentOne.java:11)
at MavenHomework.AssignmentOne.setup(AssignmentOne.java:11)
at MavenHomework.AssignmentOne.setup(AssignmentOne.java:11)
at MavenHomework.AssignmentOne.setup(AssignmentOne.java:11)
at MavenHomework.AssignmentOne.setup(AssignmentOne.java:11)
at MavenHomework.AssignmentOne.setup(AssignmentOne.java:11)
at MavenHomework.AssignmentOne.setup(AssignmentOne.java:11)
at MavenHomework.AssignmentOne.setup(AssignmentOne.java:11)
at MavenHomework.AssignmentOne.setup(AssignmentOne.java:11)
at MavenHomework.AssignmentOne.setup(AssignmentOne.java:11)
at MavenHomework.AssignmentOne.setup(AssignmentOne.java:11)
at MavenHomework.AssignmentOne.setup(AssignmentOne.java:11)
at MavenHomework.AssignmentOne.setup(AssignmentOne.java:11)
at MavenHomework.AssignmentOne.setup(AssignmentOne.java:11)
at MavenHomework.AssignmentOne.setup(AssignmentOne.java:11)
at MavenHomework.AssignmentOne.setup(AssignmentOne.java:11)
at MavenHomework.AssignmentOne.setup(AssignmentOne.java:11)
at MavenHomework.AssignmentOne.setup(AssignmentOne.java:11)
at MavenHomework.AssignmentOne.setup(AssignmentOne.java:11)
at MavenHomework.AssignmentOne.setup(AssignmentOne.java:11)
at MavenHomework.AssignmentOne.setup(AssignmentOne.java:11)
at MavenHomework.AssignmentOne.setup(AssignmentOne.java:11)
at MavenHomework.AssignmentOne.setup(AssignmentOne.java:11)
at MavenHomework.AssignmentOne.setup(AssignmentOne.java:11)
at MavenHomework.AssignmentOne.setup(AssignmentOne.java:11)
at MavenHomework.AssignmentOne.setup(AssignmentOne.java:11)
at MavenHomework.AssignmentOne.setup(AssignmentOne.java:11)
at MavenHomework.AssignmentOne.setup(AssignmentOne.java:11)
at MavenHomework.AssignmentOne.setup(AssignmentOne.java:11)
at MavenHomework.AssignmentOne.setup(AssignmentOne.java:11)
at MavenHomework.AssignmentOne.setup(AssignmentOne.java:11)
at MavenHomework.AssignmentOne.setup(AssignmentOne.java:11)
at MavenHomework.AssignmentOne.setup(AssignmentOne.java:11)
at MavenHomework.AssignmentOne.setup(AssignmentOne.java:11)
at MavenHomework.AssignmentOne.setup(AssignmentOne.java:11)
at MavenHomework.AssignmentOne.setup(AssignmentOne.java:11)
at MavenHomework.AssignmentOne.setup(AssignmentOne.java:11)
at MavenHomework.AssignmentOne.setup(AssignmentOne.java:11)
at MavenHomework.AssignmentOne.setup(AssignmentOne.java:11)
at MavenHomework.AssignmentOne.setup(AssignmentOne.java:11)
at MavenHomework.AssignmentOne.setup(AssignmentOne.java:11)
at MavenHomework.AssignmentOne.setup(AssignmentOne.java:11)
at MavenHomework.AssignmentOne.setup(AssignmentOne.java:11)
at MavenHomework.AssignmentOne.setup(AssignmentOne.java:11)
at MavenHomework.AssignmentOne.setup(AssignmentOne.java:11)
at MavenHomework.AssignmentOne.setup(AssignmentOne.java:11)
at MavenHomework.AssignmentOne.setup(AssignmentOne.java:11)
at MavenHomework.AssignmentOne.setup(AssignmentOne.java:11)
at MavenHomework.AssignmentOne.setup(AssignmentOne.java:11)
at MavenHomework.AssignmentOne.setup(AssignmentOne.java:11)
at MavenHomework.AssignmentOne.setup(AssignmentOne.java:11)
at MavenHomework.AssignmentOne.setup(AssignmentOne.java:11)
at MavenHomework.AssignmentOne.setup(AssignmentOne.java:11)
at MavenHomework.AssignmentOne.setup(AssignmentOne.java:11)
at MavenHomework.AssignmentOne.setup(AssignmentOne.java:11)
at MavenHomework.AssignmentOne.setup(AssignmentOne.java:11)
at MavenHomework.AssignmentOne.setup(AssignmentOne.java:11)
at MavenHomework.AssignmentOne.setup(AssignmentOne.java:11)
at MavenHomework.AssignmentOne.setup(AssignmentOne.java:11)
at MavenHomework.AssignmentOne.setup(AssignmentOne.java:11)
at MavenHomework.AssignmentOne.setup(AssignmentOne.java:11)
at MavenHomework.AssignmentOne.setup(AssignmentOne.java:11)
at MavenHomework.AssignmentOne.setup(AssignmentOne.java:11)
at MavenHomework.AssignmentOne.setup(AssignmentOne.java:11)
at MavenHomework.AssignmentOne.setup(AssignmentOne.java:11)
at MavenHomework.AssignmentOne.setup(AssignmentOne.java:11)
at MavenHomework.AssignmentOne.setup(AssignmentOne.java:11)
at MavenHomework.AssignmentOne.setup(AssignmentOne.java:11)
at MavenHomework.AssignmentOne.setup(AssignmentOne.java:11)
at MavenHomework.AssignmentOne.setup(AssignmentOne.java:11)
at MavenHomework.AssignmentOne.setup(AssignmentOne.java:11)
at MavenHomework.AssignmentOne.setup(AssignmentOne.java:11)
at MavenHomework.AssignmentOne.setup(AssignmentOne.java:11)
at MavenHomework.AssignmentOne.setup(AssignmentOne.java:11)
at MavenHomework.AssignmentOne.setup(AssignmentOne.java:11)
at MavenHomework.AssignmentOne.setup(AssignmentOne.java:11)
at MavenHomework.AssignmentOne.setup(AssignmentOne.java:11)
at MavenHomework.AssignmentOne.setup(AssignmentOne.java:11)
at MavenHomework.AssignmentOne.setup(AssignmentOne.java:11)
at MavenHomework.AssignmentOne.setup(AssignmentOne.java:11)
at MavenHomework.AssignmentOne.setup(AssignmentOne.java:11)
at MavenHomework.AssignmentOne.setup(AssignmentOne.java:11)
at MavenHomework.AssignmentOne.setup(AssignmentOne.java:11)
at MavenHomework.AssignmentOne.setup(AssignmentOne.java:11)
at MavenHomework.AssignmentOne.setup(AssignmentOne.java:11)
at MavenHomework.AssignmentOne.setup(AssignmentOne.java:11)
at MavenHomework.AssignmentOne.setup(AssignmentOne.java:11)
at MavenHomework.AssignmentOne.setup(AssignmentOne.java:11)
at MavenHomework.AssignmentOne.setup(AssignmentOne.java:11)
at MavenHomework.AssignmentOne.setup(AssignmentOne.java:11)
at MavenHomework.AssignmentOne.setup(AssignmentOne.java:11)
at MavenHomework.AssignmentOne.setup(AssignmentOne.java:11)
at MavenHomework.AssignmentOne.setup(AssignmentOne.java:11)
at MavenHomework.AssignmentOne.setup(AssignmentOne.java:11)
at MavenHomework.AssignmentOne.setup(AssignmentOne.java:11)
at MavenHomework.AssignmentOne.setup(AssignmentOne.java:11)
at MavenHomework.AssignmentOne.setup(AssignmentOne.java:11)
at MavenHomework.AssignmentOne.setup(AssignmentOne.java:11)
at MavenHomework.AssignmentOne.setup(AssignmentOne.java:11)
at MavenHomework.AssignmentOne.setup(AssignmentOne.java:11)
at MavenHomework.AssignmentOne.setup(AssignmentOne.java:11)
at MavenHomework.AssignmentOne.setup(AssignmentOne.java:11)
at MavenHomework.AssignmentOne.setup(AssignmentOne.java:11)
at MavenHomework.AssignmentOne.setup(AssignmentOne.java:11)
at MavenHomework.AssignmentOne.setup(AssignmentOne.java:11)
at MavenHomework.AssignmentOne.setup(AssignmentOne.java:11)
at MavenHomework.AssignmentOne.setup(AssignmentOne.java:11)
at MavenHomework.AssignmentOne.setup(AssignmentOne.java:11)
at MavenHomework.AssignmentOne.setup(AssignmentOne.java:11)
at MavenHomework.AssignmentOne.setup(AssignmentOne.java:11)
at MavenHomework.AssignmentOne.setup(AssignmentOne.java:11)
at MavenHomework.AssignmentOne.setup(AssignmentOne.java:11)
at MavenHomework.AssignmentOne.setup(AssignmentOne.java:11)
at MavenHomework.AssignmentOne.setup(AssignmentOne.java:11)
at MavenHomework.AssignmentOne.setup(AssignmentOne.java:11)
at MavenHomework.AssignmentOne.setup(AssignmentOne.java:11)
at MavenHomework.AssignmentOne.setup(AssignmentOne.java:11)
at MavenHomework.AssignmentOne.setup(AssignmentOne.java:11)
at MavenHomework.AssignmentOne.setup(AssignmentOne.java:11)
at MavenHomework.AssignmentOne.setup(AssignmentOne.java:11)
at MavenHomework.AssignmentOne.setup(AssignmentOne.java:11)
at MavenHomework.AssignmentOne.setup(AssignmentOne.java:11)
at MavenHomework.AssignmentOne.setup(AssignmentOne.java:11)
at MavenHomework.AssignmentOne.setup(AssignmentOne.java:11)
at MavenHomework.AssignmentOne.setup(AssignmentOne.java:11)
at MavenHomework.AssignmentOne.setup(AssignmentOne.java:11)
at MavenHomework.AssignmentOne.setup(AssignmentOne.java:11)
at MavenHomework.AssignmentOne.setup(AssignmentOne.java:11)
at MavenHomework.AssignmentOne.setup(AssignmentOne.java:11)
at MavenHomework.AssignmentOne.setup(AssignmentOne.java:11)
at MavenHomework.AssignmentOne.setup(AssignmentOne.java:11)
at MavenHomework.AssignmentOne.setup(AssignmentOne.java:11)
at MavenHomework.AssignmentOne.setup(AssignmentOne.java:11)
at MavenHomework.AssignmentOne.setup(AssignmentOne.java:11)
at MavenHomework.AssignmentOne.setup(AssignmentOne.java:11)
at MavenHomework.AssignmentOne.setup(AssignmentOne.java:11)
at MavenHomework.AssignmentOne.setup(AssignmentOne.java:11)
at MavenHomework.AssignmentOne.setup(AssignmentOne.java:11)
at MavenHomework.AssignmentOne.setup(AssignmentOne.java:11)
at MavenHomework.AssignmentOne.setup(AssignmentOne.java:11)
at MavenHomework.AssignmentOne.setup(AssignmentOne.java:11)
at MavenHomework.AssignmentOne.setup(AssignmentOne.java:11)
at MavenHomework.AssignmentOne.setup(AssignmentOne.java:11)
at MavenHomework.AssignmentOne.setup(AssignmentOne.java:11)
at MavenHomework.AssignmentOne.setup(AssignmentOne.java:11)
at MavenHomework.AssignmentOne.setup(AssignmentOne.java:11)
at MavenHomework.AssignmentOne.setup(AssignmentOne.java:11)
at MavenHomework.AssignmentOne.setup(AssignmentOne.java:11)
at MavenHomework.AssignmentOne.setup(AssignmentOne.java:11)
at MavenHomework.AssignmentOne.setup(AssignmentOne.java:11)
at MavenHomework.AssignmentOne.setup(AssignmentOne.java:11)
at MavenHomework.AssignmentOne.setup(AssignmentOne.java:11)
at MavenHomework.AssignmentOne.setup(AssignmentOne.java:11)
at MavenHomework.AssignmentOne.setup(AssignmentOne.java:11)
at MavenHomework.AssignmentOne.setup(AssignmentOne.java:11)
at MavenHomework.AssignmentOne.setup(AssignmentOne.java:11)
at MavenHomework.AssignmentOne.setup(AssignmentOne.java:11)
at MavenHomework.AssignmentOne.setup(AssignmentOne.java:11)
at MavenHomework.AssignmentOne.setup(AssignmentOne.java:11)
at MavenHomework.AssignmentOne.setup(AssignmentOne.java:11)
at MavenHomework.AssignmentOne.setup(AssignmentOne.java:11)
at MavenHomework.AssignmentOne.setup(AssignmentOne.java:11)
at MavenHomework.AssignmentOne.setup(AssignmentOne.java:11)
at MavenHomework.AssignmentOne.setup(AssignmentOne.java:11)
at MavenHomework.AssignmentOne.setup(AssignmentOne.java:11)
at MavenHomework.AssignmentOne.setup(AssignmentOne.java:11)
at MavenHomework.AssignmentOne.setup(AssignmentOne.java:11)
at MavenHomework.AssignmentOne.setup(AssignmentOne.java:11)
at MavenHomework.AssignmentOne.setup(AssignmentOne.java:11)
at MavenHomework.AssignmentOne.setup(AssignmentOne.java:11)
at MavenHomework.AssignmentOne.setup(AssignmentOne.java:11)
at MavenHomework.AssignmentOne.setup(AssignmentOne.java:11)
at MavenHomework.AssignmentOne.setup(AssignmentOne.java:11)
at MavenHomework.AssignmentOne.setup(AssignmentOne.java:11)
at MavenHomework.AssignmentOne.setup(AssignmentOne.java:11)
at MavenHomework.AssignmentOne.setup(AssignmentOne.java:11)
at MavenHomework.AssignmentOne.setup(AssignmentOne.java:11)
at MavenHomework.AssignmentOne.setup(AssignmentOne.java:11)
at MavenHomework.AssignmentOne.setup(AssignmentOne.java:11)
at MavenHomework.AssignmentOne.setup(AssignmentOne.java:11)
at MavenHomework.AssignmentOne.setup(AssignmentOne.java:11)
at MavenHomework.AssignmentOne.setup(AssignmentOne.java:11)
at MavenHomework.AssignmentOne.setup(AssignmentOne.java:11)
at MavenHomework.AssignmentOne.setup(AssignmentOne.java:11)
at MavenHomework.AssignmentOne.setup(AssignmentOne.java:11)
at MavenHomework.AssignmentOne.setup(AssignmentOne.java:11)
at MavenHomework.AssignmentOne.setup(AssignmentOne.java:11)
at MavenHomework.AssignmentOne.setup(AssignmentOne.java:11)
at MavenHomework.AssignmentOne.setup(AssignmentOne.java:11)
at MavenHomework.AssignmentOne.setup(AssignmentOne.java:11)
at MavenHomework.AssignmentOne.setup(AssignmentOne.java:11)
at MavenHomework.AssignmentOne.setup(AssignmentOne.java:11)
at MavenHomework.AssignmentOne.setup(AssignmentOne.java:11)
at MavenHomework.AssignmentOne.setup(AssignmentOne.java:11)
at MavenHomework.AssignmentOne.setup(AssignmentOne.java:11)
at MavenHomework.AssignmentOne.setup(AssignmentOne.java:11)
at MavenHomework.AssignmentOne.setup(AssignmentOne.java:11)
at MavenHomework.AssignmentOne.setup(AssignmentOne.java:11)
at MavenHomework.AssignmentOne.setup(AssignmentOne.java:11)
at MavenHomework.AssignmentOne.setup(AssignmentOne.java:11)
at MavenHomework.AssignmentOne.setup(AssignmentOne.java:11)
at MavenHomework.AssignmentOne.setup(AssignmentOne.java:11)
at MavenHomework.AssignmentOne.setup(AssignmentOne.java:11)
at MavenHomework.AssignmentOne.setup(AssignmentOne.java:11)
at MavenHomework.AssignmentOne.setup(AssignmentOne.java:11)
at MavenHomework.AssignmentOne.setup(AssignmentOne.java:11)
at MavenHomework.AssignmentOne.setup(AssignmentOne.java:11)
at MavenHomework.AssignmentOne.setup(AssignmentOne.java:11)
at MavenHomework.AssignmentOne.setup(AssignmentOne.java:11)
at MavenHomework.AssignmentOne.setup(AssignmentOne.java:11)
at MavenHomework.AssignmentOne.setup(AssignmentOne.java:11)
at MavenHomework.AssignmentOne.setup(AssignmentOne.java:11)
at MavenHomework.AssignmentOne.setup(AssignmentOne.java:11)
at MavenHomework.AssignmentOne.setup(AssignmentOne.java:11)
at MavenHomework.AssignmentOne.setup(AssignmentOne.java:11)
at MavenHomework.AssignmentOne.setup(AssignmentOne.java:11)
at MavenHomework.AssignmentOne.setup(AssignmentOne.java:11)
at MavenHomework.AssignmentOne.setup(AssignmentOne.java:11)
at MavenHomework.AssignmentOne.setup(AssignmentOne.java:11)
at MavenHomework.AssignmentOne.setup(AssignmentOne.java:11)
at MavenHomework.AssignmentOne.setup(AssignmentOne.java:11)
at MavenHomework.AssignmentOne.setup(AssignmentOne.java:11)
at MavenHomework.AssignmentOne.setup(AssignmentOne.java:11)
at MavenHomework.AssignmentOne.setup(AssignmentOne.java:11)
at MavenHomework.AssignmentOne.setup(AssignmentOne.java:11)
at MavenHomework.AssignmentOne.setup(AssignmentOne.java:11)
at MavenHomework.AssignmentOne.setup(AssignmentOne.java:11)
at MavenHomework.AssignmentOne.setup(AssignmentOne.java:11)
at MavenHomework.AssignmentOne.setup(AssignmentOne.java:11)
at MavenHomework.AssignmentOne.setup(AssignmentOne.java:11)
at MavenHomework.AssignmentOne.setup(AssignmentOne.java:11)
at MavenHomework.AssignmentOne.setup(AssignmentOne.java:11)
at MavenHomework.AssignmentOne.setup(AssignmentOne.java:11)
at MavenHomework.AssignmentOne.setup(AssignmentOne.java:11)
at MavenHomework.AssignmentOne.setup(AssignmentOne.java:11)
at MavenHomework.AssignmentOne.setup(AssignmentOne.java:11)
at MavenHomework.AssignmentOne.setup(AssignmentOne.java:11)
at MavenHomework.AssignmentOne.setup(AssignmentOne.java:11)
at MavenHomework.AssignmentOne.setup(AssignmentOne.java:11)
at MavenHomework.AssignmentOne.setup(AssignmentOne.java:11)
at MavenHomework.AssignmentOne.setup(AssignmentOne.java:11)
at MavenHomework.AssignmentOne.setup(AssignmentOne.java:11)
at MavenHomework.AssignmentOne.setup(AssignmentOne.java:11)
at MavenHomework.AssignmentOne.setup(AssignmentOne.java:11)
at MavenHomework.AssignmentOne.setup(AssignmentOne.java:11)
at MavenHomework.AssignmentOne.setup(AssignmentOne.java:11)
at MavenHomework.AssignmentOne.setup(AssignmentOne.java:11)
at MavenHomework.AssignmentOne.setup(AssignmentOne.java:11)
at MavenHomework.AssignmentOne.setup(AssignmentOne.java:11)
at MavenHomework.AssignmentOne.setup(AssignmentOne.java:11)
at MavenHomework.AssignmentOne.setup(AssignmentOne.java:11)
at MavenHomework.AssignmentOne.setup(AssignmentOne.java:11)
at MavenHomework.AssignmentOne.setup(AssignmentOne.java:11)
at MavenHomework.AssignmentOne.setup(AssignmentOne.java:11)
at MavenHomework.AssignmentOne.setup(AssignmentOne.java:11)
at MavenHomework.AssignmentOne.setup(AssignmentOne.java:11)
at MavenHomework.AssignmentOne.setup(AssignmentOne.java:11)
at MavenHomework.AssignmentOne.setup(AssignmentOne.java:11)
at MavenHomework.AssignmentOne.setup(AssignmentOne.java:11)
at MavenHomework.AssignmentOne.setup(AssignmentOne.java:11)
at MavenHomework.AssignmentOne.setup(AssignmentOne.java:11)
at MavenHomework.AssignmentOne.setup(AssignmentOne.java:11)
at MavenHomework.AssignmentOne.setup(AssignmentOne.java:11)
at MavenHomework.AssignmentOne.setup(AssignmentOne.java:11)
at MavenHomework.AssignmentOne.setup(AssignmentOne.java:11)
at MavenHomework.AssignmentOne.setup(AssignmentOne.java:11)
at MavenHomework.AssignmentOne.setup(AssignmentOne.java:11)
at MavenHomework.AssignmentOne.setup(AssignmentOne.java:11)
at MavenHomework.AssignmentOne.setup(AssignmentOne.java:11)
at MavenHomework.AssignmentOne.setup(AssignmentOne.java:11)
at MavenHomework.AssignmentOne.setup(AssignmentOne.java:11)
at MavenHomework.AssignmentOne.setup(AssignmentOne.java:11)
at MavenHomework.AssignmentOne.setup(AssignmentOne.java:11)
at MavenHomework.AssignmentOne.setup(AssignmentOne.java:11)
at MavenHomework.AssignmentOne.setup(AssignmentOne.java:11)
at MavenHomework.AssignmentOne.setup(AssignmentOne.java:11)
at MavenHomework.AssignmentOne.setup(AssignmentOne.java:11)
at MavenHomework.AssignmentOne.setup(AssignmentOne.java:11)
at MavenHomework.AssignmentOne.setup(AssignmentOne.java:11)
at MavenHomework.AssignmentOne.setup(AssignmentOne.java:11)
at MavenHomework.AssignmentOne.setup(AssignmentOne.java:11)
at MavenHomework.AssignmentOne.setup(AssignmentOne.java:11)
at MavenHomework.AssignmentOne.setup(AssignmentOne.java:11)
at MavenHomework.AssignmentOne.setup(AssignmentOne.java:11)
at MavenHomework.AssignmentOne.setup(AssignmentOne.java:11)
at MavenHomework.AssignmentOne.setup(AssignmentOne.java:11)
at MavenHomework.AssignmentOne.setup(AssignmentOne.java:11)
at MavenHomework.AssignmentOne.setup(AssignmentOne.java:11)
at MavenHomework.AssignmentOne.setup(AssignmentOne.java:11)
at MavenHomework.AssignmentOne.setup(AssignmentOne.java:11)
at MavenHomework.AssignmentOne.setup(AssignmentOne.java:11)
at MavenHomework.AssignmentOne.setup(AssignmentOne.java:11)
at MavenHomework.AssignmentOne.setup(AssignmentOne.java:11)
at MavenHomework.AssignmentOne.setup(AssignmentOne.java:11)
at MavenHomework.AssignmentOne.setup(AssignmentOne.java:11)
at MavenHomework.AssignmentOne.setup(AssignmentOne.java:11)
at MavenHomework.AssignmentOne.setup(AssignmentOne.java:11)
at MavenHomework.AssignmentOne.setup(AssignmentOne.java:11)
at MavenHomework.AssignmentOne.setup(AssignmentOne.java:11)
at MavenHomework.AssignmentOne.setup(AssignmentOne.java:11)
at MavenHomework.AssignmentOne.setup(AssignmentOne.java:11)
at MavenHomework.AssignmentOne.setup(AssignmentOne.java:11)
at MavenHomework.AssignmentOne.setup(AssignmentOne.java:11)
at MavenHomework.AssignmentOne.setup(AssignmentOne.java:11)
at MavenHomework.AssignmentOne.setup(AssignmentOne.java:11)
at MavenHomework.AssignmentOne.setup(AssignmentOne.java:11)
at MavenHomework.AssignmentOne.setup(AssignmentOne.java:11)
at MavenHomework.AssignmentOne.setup(AssignmentOne.java:11)
at MavenHomework.AssignmentOne.setup(AssignmentOne.java:11)
at MavenHomework.AssignmentOne.setup(AssignmentOne.java:11)
at MavenHomework.AssignmentOne.setup(AssignmentOne.java:11)
at MavenHomework.AssignmentOne.setup(AssignmentOne.java:11)
at MavenHomework.AssignmentOne.setup(AssignmentOne.java:11)
at MavenHomework.AssignmentOne.setup(AssignmentOne.java:11)
at MavenHomework.AssignmentOne.setup(AssignmentOne.java:11)
at MavenHomework.AssignmentOne.setup(AssignmentOne.java:11)
at MavenHomework.AssignmentOne.setup(AssignmentOne.java:11)
at MavenHomework.AssignmentOne.setup(AssignmentOne.java:11)
at MavenHomework.AssignmentOne.setup(AssignmentOne.java:11)
at MavenHomework.AssignmentOne.setup(AssignmentOne.java:11)
at MavenHomework.AssignmentOne.setup(AssignmentOne.java:11)
at MavenHomework.AssignmentOne.setup(AssignmentOne.java:11)
at MavenHomework.AssignmentOne.setup(AssignmentOne.java:11)
at MavenHomework.AssignmentOne.setup(AssignmentOne.java:11)
at MavenHomework.AssignmentOne.setup(AssignmentOne.java:11)
at MavenHomework.AssignmentOne.setup(AssignmentOne.java:11)
at MavenHomework.AssignmentOne.setup(AssignmentOne.java:11)
at MavenHomework.AssignmentOne.setup(AssignmentOne.java:11)
at MavenHomework.AssignmentOne.setup(AssignmentOne.java:11)
at MavenHomework.AssignmentOne.setup(AssignmentOne.java:11)
at MavenHomework.AssignmentOne.setup(AssignmentOne.java:11)
at MavenHomework.AssignmentOne.setup(AssignmentOne.java:11)
at MavenHomework.AssignmentOne.setup(AssignmentOne.java:11)
at MavenHomework.AssignmentOne.setup(AssignmentOne.java:11)
at MavenHomework.AssignmentOne.setup(AssignmentOne.java:11)
at MavenHomework.AssignmentOne.setup(AssignmentOne.java:11)
at MavenHomework.AssignmentOne.setup(AssignmentOne.java:11)
at MavenHomework.AssignmentOne.setup(AssignmentOne.java:11)
at MavenHomework.AssignmentOne.setup(AssignmentOne.java:11)
at MavenHomework.AssignmentOne.setup(AssignmentOne.java:11)
at MavenHomework.AssignmentOne.setup(AssignmentOne.java:11)
at MavenHomework.AssignmentOne.setup(AssignmentOne.java:11)
at MavenHomework.AssignmentOne.setup(AssignmentOne.java:11)
at MavenHomework.AssignmentOne.setup(AssignmentOne.java:11)
at MavenHomework.AssignmentOne.setup(AssignmentOne.java:11)
at MavenHomework.AssignmentOne.setup(AssignmentOne.java:11)
at MavenHomework.AssignmentOne.setup(AssignmentOne.java:11)
at MavenHomework.AssignmentOne.setup(AssignmentOne.java:11)
at MavenHomework.AssignmentOne.setup(AssignmentOne.java:11)
at MavenHomework.AssignmentOne.setup(AssignmentOne.java:11)
at MavenHomework.AssignmentOne.setup(AssignmentOne.java:11)
at MavenHomework.AssignmentOne.setup(AssignmentOne.java:11)
at MavenHomework.AssignmentOne.setup(AssignmentOne.java:11)
at MavenHomework.AssignmentOne.setup(AssignmentOne.java:11)
at MavenHomework.AssignmentOne.setup(AssignmentOne.java:11)
at MavenHomework.AssignmentOne.setup(AssignmentOne.java:11)
at MavenHomework.AssignmentOne.setup(AssignmentOne.java:11)
at MavenHomework.AssignmentOne.setup(AssignmentOne.java:11)
at MavenHomework.AssignmentOne.setup(AssignmentOne.java:11)
at MavenHomework.AssignmentOne.setup(AssignmentOne.java:11)
at MavenHomework.AssignmentOne.setup(AssignmentOne.java:11)
at MavenHomework.AssignmentOne.setup(AssignmentOne.java:11)
at MavenHomework.AssignmentOne.setup(AssignmentOne.java:11)
at MavenHomework.AssignmentOne.setup(AssignmentOne.java:11)
at MavenHomework.AssignmentOne.setup(AssignmentOne.java:11)
at MavenHomework.AssignmentOne.setup(AssignmentOne.java:11)
at MavenHomework.AssignmentOne.setup(AssignmentOne.java:11)
at MavenHomework.AssignmentOne.setup(AssignmentOne.java:11)
at MavenHomework.AssignmentOne.setup(AssignmentOne.java:11)
at MavenHomework.AssignmentOne.setup(AssignmentOne.java:11)
at MavenHomework.AssignmentOne.setup(AssignmentOne.java:11)
at MavenHomework.AssignmentOne.setup(AssignmentOne.java:11)
at MavenHomework.AssignmentOne.setup(AssignmentOne.java:11)
at MavenHomework.AssignmentOne.setup(AssignmentOne.java:11)
at MavenHomework.AssignmentOne.setup(AssignmentOne.java:11)
at MavenHomework.AssignmentOne.setup(AssignmentOne.java:11)
at MavenHomework.AssignmentOne.setup(AssignmentOne.java:11)
at MavenHomework.AssignmentOne.setup(AssignmentOne.java:11)
at MavenHomework.AssignmentOne.setup(AssignmentOne.java:11)
at MavenHomework.AssignmentOne.setup(AssignmentOne.java:11)
at MavenHomework.AssignmentOne.setup(AssignmentOne.java:11)
at MavenHomework.AssignmentOne.setup(AssignmentOne.java:11)
at MavenHomework.AssignmentOne.setup(AssignmentOne.java:11)
at MavenHomework.AssignmentOne.setup(AssignmentOne.java:11)
at MavenHomework.AssignmentOne.setup(AssignmentOne.java:11)
at MavenHomework.AssignmentOne.setup(AssignmentOne.java:11)
at MavenHomework.AssignmentOne.setup(AssignmentOne.java:11)
at MavenHomework.AssignmentOne.setup(AssignmentOne.java:11)
at MavenHomework.AssignmentOne.setup(AssignmentOne.java:11)
at MavenHomework.AssignmentOne.setup(AssignmentOne.java:11)
at MavenHomework.AssignmentOne.setup(AssignmentOne.java:11)
at MavenHomework.AssignmentOne.setup(AssignmentOne.java:11)
at MavenHomework.AssignmentOne.setup(AssignmentOne.java:11)
at MavenHomework.AssignmentOne.setup(AssignmentOne.java:11)
at MavenHomework.AssignmentOne.setup(AssignmentOne.java:11)
at MavenHomework.AssignmentOne.setup(AssignmentOne.java:11)
at MavenHomework.AssignmentOne.setup(AssignmentOne.java:11)
at MavenHomework.AssignmentOne.setup(AssignmentOne.java:11)
at MavenHomework.AssignmentOne.setup(AssignmentOne.java:11)
at MavenHomework.AssignmentOne.setup(AssignmentOne.java:11)
at MavenHomework.AssignmentOne.setup(AssignmentOne.java:11)
at MavenHomework.AssignmentOne.setup(AssignmentOne.java:11)
at MavenHomework.AssignmentOne.setup(AssignmentOne.java:11)
at MavenHomework.AssignmentOne.setup(AssignmentOne.java:11)
at MavenHomework.AssignmentOne.setup(AssignmentOne.java:11)
at MavenHomework.AssignmentOne.setup(AssignmentOne.java:11)
at MavenHomework.AssignmentOne.setup(AssignmentOne.java:11)
at MavenHomework.AssignmentOne.setup(AssignmentOne.java:11)
at MavenHomework.AssignmentOne.setup(AssignmentOne.java:11)
at MavenHomework.AssignmentOne.setup(AssignmentOne.java:11)
at MavenHomework.AssignmentOne.setup(AssignmentOne.java:11)
at MavenHomework.AssignmentOne.setup(AssignmentOne.java:11)
at MavenHomework.AssignmentOne.setup(AssignmentOne.java:11)
at MavenHomework.AssignmentOne.setup(AssignmentOne.java:11)
at MavenHomework.AssignmentOne.setup(AssignmentOne.java:11)
at MavenHomework.AssignmentOne.setup(AssignmentOne.java:11)
at MavenHomework.AssignmentOne.setup(AssignmentOne.java:11)
at MavenHomework.AssignmentOne.setup(AssignmentOne.java:11)
at MavenHomework.AssignmentOne.setup(AssignmentOne.java:11)
at MavenHomework.AssignmentOne.setup(AssignmentOne.java:11)
at MavenHomework.AssignmentOne.setup(AssignmentOne.java:11)
at MavenHomework.AssignmentOne.setup(AssignmentOne.java:11)
at MavenHomework.AssignmentOne.setup(AssignmentOne.java:11)
at MavenHomework.AssignmentOne.setup(AssignmentOne.java:11)
at MavenHomework.AssignmentOne.setup(AssignmentOne.java:11)
at MavenHomework.AssignmentOne.setup(AssignmentOne.java:11)
at MavenHomework.AssignmentOne.setup(AssignmentOne.java:11)
at MavenHomework.AssignmentOne.setup(AssignmentOne.java:11)
at MavenHomework.AssignmentOne.setup(AssignmentOne.java:11)
at MavenHomework.AssignmentOne.setup(AssignmentOne.java:11)
at MavenHomework.AssignmentOne.setup(AssignmentOne.java:11)
at MavenHomework.AssignmentOne.setup(AssignmentOne.java:11)
at MavenHomework.AssignmentOne.setup(AssignmentOne.java:11)
at MavenHomework.AssignmentOne.setup(AssignmentOne.java:11)
at MavenHomework.AssignmentOne.setup(AssignmentOne.java:11)
at MavenHomework.AssignmentOne.setup(AssignmentOne.java:11)
at MavenHomework.AssignmentOne.setup(AssignmentOne.java:11)
at MavenHomework.AssignmentOne.setup(AssignmentOne.java:11)
at MavenHomework.AssignmentOne.setup(AssignmentOne.java:11)
at MavenHomework.AssignmentOne.setup(AssignmentOne.java:11)
at MavenHomework.AssignmentOne.setup(AssignmentOne.java:11)
at MavenHomework.AssignmentOne.setup(AssignmentOne.java:11)
at MavenHomework.AssignmentOne.setup(AssignmentOne.java:11)
at MavenHomework.AssignmentOne.setup(AssignmentOne.java:11)
at MavenHomework.AssignmentOne.setup(AssignmentOne.java:11)
at MavenHomework.AssignmentOne.setup(AssignmentOne.java:11)
at MavenHomework.AssignmentOne.setup(AssignmentOne.java:11)
at MavenHomework.AssignmentOne.setup(AssignmentOne.java:11)
at MavenHomework.AssignmentOne.setup(AssignmentOne.java:11)
at MavenHomework.AssignmentOne.setup(AssignmentOne.java:11)
at MavenHomework.AssignmentOne.setup(AssignmentOne.java:11)
at MavenHomework.AssignmentOne.setup(AssignmentOne.java:11)
at MavenHomework.AssignmentOne.setup(AssignmentOne.java:11)
at MavenHomework.AssignmentOne.setup(AssignmentOne.java:11)
at MavenHomework.AssignmentOne.setup(AssignmentOne.java:11)
at MavenHomework.AssignmentOne.setup(AssignmentOne.java:11)
at MavenHomework.AssignmentOne.setup(AssignmentOne.java:11)
at MavenHomework.AssignmentOne.setup(AssignmentOne.java:11)
at MavenHomework.AssignmentOne.setup(AssignmentOne.java:11)
at MavenHomework.AssignmentOne.setup(AssignmentOne.java:11)
at MavenHomework.AssignmentOne.setup(AssignmentOne.java:11)
at MavenHomework.AssignmentOne.setup(AssignmentOne.java:11)
at MavenHomework.AssignmentOne.setup(AssignmentOne.java:11)
at MavenHomework.AssignmentOne.setup(AssignmentOne.java:11)
at MavenHomework.AssignmentOne.setup(AssignmentOne.java:11)
at MavenHomework.AssignmentOne.setup(AssignmentOne.java:11)
at MavenHomework.AssignmentOne.setup(AssignmentOne.java:11)
at MavenHomework.AssignmentOne.setup(AssignmentOne.java:11)
at MavenHomework.AssignmentOne.setup(AssignmentOne.java:11)
at MavenHomework.AssignmentOne.setup(AssignmentOne.java:11)
at MavenHomework.AssignmentOne.setup(AssignmentOne.java:11)
at MavenHomework.AssignmentOne.setup(AssignmentOne.java:11)
at MavenHomework.AssignmentOne.setup(AssignmentOne.java:11)
at MavenHomework.AssignmentOne.setup(AssignmentOne.java:11)
at MavenHomework.AssignmentOne.setup(AssignmentOne.java:11)
at MavenHomework.AssignmentOne.setup(AssignmentOne.java:11)
at MavenHomework.AssignmentOne.setup(AssignmentOne.java:11)
at MavenHomework.AssignmentOne.setup(AssignmentOne.java:11)
at MavenHomework.AssignmentOne.setup(AssignmentOne.java:11)
at MavenHomework.AssignmentOne.setup(AssignmentOne.java:11)
at MavenHomework.AssignmentOne.setup(AssignmentOne.java:11)
at MavenHomework.AssignmentOne.setup(AssignmentOne.java:11)
at MavenHomework.AssignmentOne.setup(AssignmentOne.java:11)
at MavenHomework.AssignmentOne.setup(AssignmentOne.java:11)
at MavenHomework.AssignmentOne.setup(AssignmentOne.java:11)
at MavenHomework.AssignmentOne.setup(AssignmentOne.java:11)
at MavenHomework.AssignmentOne.setup(AssignmentOne.java:11)
at MavenHomework.AssignmentOne.setup(AssignmentOne.java:11)
at MavenHomework.AssignmentOne.setup(AssignmentOne.java:11)
at MavenHomework.AssignmentOne.setup(AssignmentOne.java:11)
at MavenHomework.AssignmentOne.setup(AssignmentOne.java:11)
at MavenHomework.AssignmentOne.setup(AssignmentOne.java:11)
at MavenHomework.AssignmentOne.setup(AssignmentOne.java:11)
at MavenHomework.AssignmentOne.setup(AssignmentOne.java:11)
at MavenHomework.AssignmentOne.setup(AssignmentOne.java:11)
at MavenHomework.AssignmentOne.setup(AssignmentOne.java:11)
at MavenHomework.AssignmentOne.setup(AssignmentOne.java:11)
at MavenHomework.AssignmentOne.setup(AssignmentOne.java:11)
at MavenHomework.AssignmentOne.setup(AssignmentOne.java:11)
at MavenHomework.AssignmentOne.setup(AssignmentOne.java:11)
at MavenHomework.AssignmentOne.setup(AssignmentOne.java:11)
at MavenHomework.AssignmentOne.setup(AssignmentOne.java:11)
at MavenHomework.AssignmentOne.setup(AssignmentOne.java:11)
at MavenHomework.AssignmentOne.setup(AssignmentOne.java:11)
at MavenHomework.AssignmentOne.setup(AssignmentOne.java:11)
at MavenHomework.AssignmentOne.setup(AssignmentOne.java:11)
at MavenHomework.AssignmentOne.setup(AssignmentOne.java:11)
at MavenHomework.AssignmentOne.setup(AssignmentOne.java:11)
at MavenHomework.AssignmentOne.setup(AssignmentOne.java:11)
at MavenHomework.AssignmentOne.setup(AssignmentOne.java:11)
at MavenHomework.AssignmentOne.setup(AssignmentOne.java:11)
at MavenHomework.AssignmentOne.setup(AssignmentOne.java:11)
at MavenHomework.AssignmentOne.setup(AssignmentOne.java:11)
at MavenHomework.AssignmentOne.setup(AssignmentOne.java:11)
at MavenHomework.AssignmentOne.setup(AssignmentOne.java:11)
at MavenHomework.AssignmentOne.setup(AssignmentOne.java:11)
at MavenHomework.AssignmentOne.setup(AssignmentOne.java:11)
at MavenHomework.AssignmentOne.setup(AssignmentOne.java:11)
at MavenHomework.AssignmentOne.setup(AssignmentOne.java:11)
at MavenHomework.AssignmentOne.setup(AssignmentOne.java:11)
at MavenHomework.AssignmentOne.setup(AssignmentOne.java:11)
at MavenHomework.AssignmentOne.setup(AssignmentOne.java:11)
at MavenHomework.AssignmentOne.setup(AssignmentOne.java:11)
at MavenHomework.AssignmentOne.setup(AssignmentOne.java:11)
at MavenHomework.AssignmentOne.setup(AssignmentOne.java:11)
at MavenHomework.AssignmentOne.setup(AssignmentOne.java:11)
at MavenHomework.AssignmentOne.setup(AssignmentOne.java:11)
at MavenHomework.AssignmentOne.setup(AssignmentOne.java:11)
at MavenHomework.AssignmentOne.setup(AssignmentOne.java:11)
at MavenHomework.AssignmentOne.setup(AssignmentOne.java:11)
at MavenHomework.AssignmentOne.setup(AssignmentOne.java:11)
at MavenHomework.AssignmentOne.setup(AssignmentOne.java:11)
at MavenHomework.AssignmentOne.setup(AssignmentOne.java:11)
at MavenHomework.AssignmentOne.setup(AssignmentOne.java:11)
at MavenHomework.AssignmentOne.setup(AssignmentOne.java:11)
at MavenHomework.AssignmentOne.setup(AssignmentOne.java:11)
at MavenHomework.AssignmentOne.setup(AssignmentOne.java:11)
at MavenHomework.AssignmentOne.setup(AssignmentOne.java:11)
at MavenHomework.AssignmentOne.setup(AssignmentOne.java:11)
at MavenHomework.AssignmentOne.setup(AssignmentOne.java:11)
at MavenHomework.AssignmentOne.setup(AssignmentOne.java:11)
at MavenHomework.AssignmentOne.setup(AssignmentOne.java:11)
at MavenHomework.AssignmentOne.setup(AssignmentOne.java:11)
at MavenHomework.AssignmentOne.setup(AssignmentOne.java:11)
at MavenHomework.AssignmentOne.setup(AssignmentOne.java:11)
at MavenHomework.AssignmentOne.setup(AssignmentOne.java:11)
at MavenHomework.AssignmentOne.setup(AssignmentOne.java:11)
at MavenHomework.AssignmentOne.setup(AssignmentOne.java:11)
at MavenHomework.AssignmentOne.setup(AssignmentOne.java:11)
at MavenHomework.AssignmentOne.setup(AssignmentOne.java:11)
at MavenHomework.AssignmentOne.setup(AssignmentOne.java:11)
at MavenHomework.AssignmentOne.setup(AssignmentOne.java:11)
at MavenHomework.AssignmentOne.setup(AssignmentOne.java:11)
at MavenHomework.AssignmentOne.setup(AssignmentOne.java:11)
at MavenHomework.AssignmentOne.setup(AssignmentOne.java:11)
at MavenHomework.AssignmentOne.setup(AssignmentOne.java:11)
at MavenHomework.AssignmentOne.setup(AssignmentOne.java:11)
at MavenHomework.AssignmentOne.setup(AssignmentOne.java:11)
at MavenHomework.AssignmentOne.setup(AssignmentOne.java:11)
at MavenHomework.AssignmentOne.setup(AssignmentOne.java:11)
at MavenHomework.AssignmentOne.setup(AssignmentOne.java:11)
at MavenHomework.AssignmentOne.setup(AssignmentOne.java:11)
at MavenHomework.AssignmentOne.setup(AssignmentOne.java:11)
at MavenHomework.AssignmentOne.setup(AssignmentOne.java:11)
at MavenHomework.AssignmentOne.setup(AssignmentOne.java:11)
at MavenHomework.AssignmentOne.setup(AssignmentOne.java:11)
at MavenHomework.AssignmentOne.setup(AssignmentOne.java:11)
at MavenHomework.AssignmentOne.setup(AssignmentOne.java:11)
at MavenHomework.AssignmentOne.setup(AssignmentOne.java:11)
at MavenHomework.AssignmentOne.setup(AssignmentOne.java:11)
at MavenHomework.AssignmentOne.setup(AssignmentOne.java:11)
at MavenHomework.AssignmentOne.setup(AssignmentOne.java:11)
at MavenHomework.AssignmentOne.setup(AssignmentOne.java:11)
at MavenHomework.AssignmentOne.setup(AssignmentOne.java:11)
at MavenHomework.AssignmentOne.setup(AssignmentOne.java:11)
at MavenHomework.AssignmentOne.setup(AssignmentOne.java:11)
at MavenHomework.AssignmentOne.setup(AssignmentOne.java:11)
at MavenHomework.AssignmentOne.setup(AssignmentOne.java:11)
at MavenHomework.AssignmentOne.setup(AssignmentOne.java:11)
at MavenHomework.AssignmentOne.setup(AssignmentOne.java:11)
at MavenHomework.AssignmentOne.setup(AssignmentOne.java:11)
at MavenHomework.AssignmentOne.setup(AssignmentOne.java:11)
at MavenHomework.AssignmentOne.setup(AssignmentOne.java:11)
at MavenHomework.AssignmentOne.setup(AssignmentOne.java:11)
at MavenHomework.AssignmentOne.setup(AssignmentOne.java:11)
at MavenHomework.AssignmentOne.setup(AssignmentOne.java:11)
at MavenHomework.AssignmentOne.setup(AssignmentOne.java:11)
at MavenHomework.AssignmentOne.setup(AssignmentOne.java:11)
at MavenHomework.AssignmentOne.setup(AssignmentOne.java:11)
at MavenHomework.AssignmentOne.setup(AssignmentOne.java:11)
at MavenHomework.AssignmentOne.setup(AssignmentOne.java:11)
at MavenHomework.AssignmentOne.setup(AssignmentOne.java:11)
at MavenHomework.AssignmentOne.setup(AssignmentOne.java:11)
at MavenHomework.AssignmentOne.setup(AssignmentOne.java:11)
at MavenHomework.AssignmentOne.setup(AssignmentOne.java:11)
at MavenHomework.AssignmentOne.setup(AssignmentOne.java:11)
at MavenHomework.AssignmentOne.setup(AssignmentOne.java:11)
at MavenHomework.AssignmentOne.setup(AssignmentOne.java:11)
at MavenHomework.AssignmentOne.setup(AssignmentOne.java:11)
at MavenHomework.AssignmentOne.setup(AssignmentOne.java:11)
at MavenHomework.AssignmentOne.setup(AssignmentOne.java:11)
at MavenHomework.AssignmentOne.setup(AssignmentOne.java:11)
at MavenHomework.AssignmentOne.setup(AssignmentOne.java:11)
at MavenHomework.AssignmentOne.setup(AssignmentOne.java:11)
at MavenHomework.AssignmentOne.setup(AssignmentOne.java:11)
at MavenHomework.AssignmentOne.setup(AssignmentOne.java:11)
at MavenHomework.AssignmentOne.setup(AssignmentOne.java:11)
at MavenHomework.AssignmentOne.setup(AssignmentOne.java:11)
at MavenHomework.AssignmentOne.setup(AssignmentOne.java:11)
at MavenHomework.AssignmentOne.setup(AssignmentOne.java:11)
at MavenHomework.AssignmentOne.setup(AssignmentOne.java:11)
at MavenHomework.AssignmentOne.setup(AssignmentOne.java:11)
at MavenHomework.AssignmentOne.setup(AssignmentOne.java:11)
at MavenHomework.AssignmentOne.setup(AssignmentOne.java:11)
at MavenHomework.AssignmentOne.setup(AssignmentOne.java:11)
at MavenHomework.AssignmentOne.setup(AssignmentOne.java:11)
at MavenHomework.AssignmentOne.setup(AssignmentOne.java:11)
at MavenHomework.AssignmentOne.setup(AssignmentOne.java:11)
at MavenHomework.AssignmentOne.setup(AssignmentOne.java:11)
at MavenHomework.AssignmentOne.setup(AssignmentOne.java:11)
at MavenHomework.AssignmentOne.setup(AssignmentOne.java:11)
at MavenHomework.AssignmentOne.setup(AssignmentOne.java:11)
at MavenHomework.AssignmentOne.setup(AssignmentOne.java:11)
at MavenHomework.AssignmentOne.setup(AssignmentOne.java:11)
at MavenHomework.AssignmentOne.setup(AssignmentOne.java:11)
at MavenHomework.AssignmentOne.setup(AssignmentOne.java:11)
at MavenHomework.AssignmentOne.setup(AssignmentOne.java:11)
at MavenHomework.AssignmentOne.setup(AssignmentOne.java:11)
at MavenHomework.AssignmentOne.setup(AssignmentOne.java:11)
at MavenHomework.AssignmentOne.setup(AssignmentOne.java:11)
at MavenHomework.AssignmentOne.setup(AssignmentOne.java:11)
at MavenHomework.AssignmentOne.setup(AssignmentOne.java:11)
at MavenHomework.AssignmentOne.setup(AssignmentOne.java:11)
at MavenHomework.AssignmentOne.setup(AssignmentOne.java:11)
at MavenHomework.AssignmentOne.setup(AssignmentOne.java:11)
at MavenHomework.AssignmentOne.setup(AssignmentOne.java:11)
at MavenHomework.AssignmentOne.setup(AssignmentOne.java:11)
at MavenHomework.AssignmentOne.setup(AssignmentOne.java:11)
at MavenHomework.AssignmentOne.setup(AssignmentOne.java:11)
at MavenHomework.AssignmentOne.setup(AssignmentOne.java:11)
at MavenHomework.AssignmentOne.setup(AssignmentOne.java:11)
at MavenHomework.AssignmentOne.setup(AssignmentOne.java:11)
at MavenHomework.AssignmentOne.setup(AssignmentOne.java:11)
at MavenHomework.AssignmentOne.setup(AssignmentOne.java:11)
at MavenHomework.AssignmentOne.setup(AssignmentOne.java:11)
at MavenHomework.AssignmentOne.setup(AssignmentOne.java:11)
at MavenHomework.AssignmentOne.setup(AssignmentOne.java:11)
at MavenHomework.AssignmentOne.setup(AssignmentOne.java:11)
at MavenHomework.AssignmentOne.setup(AssignmentOne.java:11)
at MavenHomework.AssignmentOne.setup(AssignmentOne.java:11)
at MavenHomework.AssignmentOne.setup(AssignmentOne.java:11)
at MavenHomework.AssignmentOne.setup(AssignmentOne.java:11)
at MavenHomework.AssignmentOne.setup(AssignmentOne.java:11)
at MavenHomework.AssignmentOne.setup(AssignmentOne.java:11)
at MavenHomework.AssignmentOne.setup(AssignmentOne.java:11)
at MavenHomework.AssignmentOne.setup(AssignmentOne.java:11)
at MavenHomework.AssignmentOne.setup(AssignmentOne.java:11)
at MavenHomework.AssignmentOne.setup(AssignmentOne.java:11)
at MavenHomework.AssignmentOne.setup(AssignmentOne.java:11)
at MavenHomework.AssignmentOne.setup(AssignmentOne.java:11)
at MavenHomework.AssignmentOne.setup(AssignmentOne.java:11)
at MavenHomework.AssignmentOne.setup(AssignmentOne.java:11)
at MavenHomework.AssignmentOne.setup(AssignmentOne.java:11)
at MavenHomework.AssignmentOne.setup(AssignmentOne.java:11)
at MavenHomework.AssignmentOne.setup(AssignmentOne.java:11)
at MavenHomework.AssignmentOne.setup(AssignmentOne.java:11)
at MavenHomework.AssignmentOne.setup(AssignmentOne.java:11)
at MavenHomework.AssignmentOne.setup(AssignmentOne.java:11)
at MavenHomework.AssignmentOne.setup(AssignmentOne.java:11)
at MavenHomework.AssignmentOne.setup(AssignmentOne.java:11)
at MavenHomework.AssignmentOne.setup(AssignmentOne.java:11)
at MavenHomework.AssignmentOne.setup(AssignmentOne.java:11)
at MavenHomework.AssignmentOne.setup(AssignmentOne.java:11)
at MavenHomework.AssignmentOne.setup(AssignmentOne.java:11)
at MavenHomework.AssignmentOne.setup(AssignmentOne.java:11)
at MavenHomework.AssignmentOne.setup(AssignmentOne.java:11)
at MavenHomework.AssignmentOne.setup(AssignmentOne.java:11)
at MavenHomework.AssignmentOne.setup(AssignmentOne.java:11)
at MavenHomework.AssignmentOne.setup(AssignmentOne.java:11)
at MavenHomework.AssignmentOne.setup(AssignmentOne.java:11)
at MavenHomework.AssignmentOne.setup(AssignmentOne.java:11)
at MavenHomework.AssignmentOne.setup(AssignmentOne.java:11)
at MavenHomework.AssignmentOne.setup(AssignmentOne.java:11)
at MavenHomework.AssignmentOne.setup(AssignmentOne.java:11)
at MavenHomework.AssignmentOne.setup(AssignmentOne.java:11)
at MavenHomework.AssignmentOne.setup(AssignmentOne.java:11)
at MavenHomework.AssignmentOne.setup(AssignmentOne.java:11)
at MavenHomework.AssignmentOne.setup(AssignmentOne.java:11)
at MavenHomework.AssignmentOne.setup(AssignmentOne.java:11)
at MavenHomework.AssignmentOne.setup(AssignmentOne.java:11)
at MavenHomework.AssignmentOne.setup(AssignmentOne.java:11)
at MavenHomework.AssignmentOne.setup(AssignmentOne.java:11)
at MavenHomework.AssignmentOne.setup(AssignmentOne.java:11)
at MavenHomework.AssignmentOne.setup(AssignmentOne.java:11)
at MavenHomework.AssignmentOne.setup(AssignmentOne.java:11)
at MavenHomework.AssignmentOne.setup(AssignmentOne.java:11)
at MavenHomework.AssignmentOne.setup(AssignmentOne.java:11)
at MavenHomework.AssignmentOne.setup(AssignmentOne.java:11)
at MavenHomework.AssignmentOne.setup(AssignmentOne.java:11)
at MavenHomework.AssignmentOne.setup(AssignmentOne.java:11)
at MavenHomework.AssignmentOne.setup(AssignmentOne.java:11)
at MavenHomework.AssignmentOne.setup(AssignmentOne.java:11)
at MavenHomework.AssignmentOne.setup(AssignmentOne.java:11)
at MavenHomework.AssignmentOne.setup(AssignmentOne.java:11)
at MavenHomework.AssignmentOne.setup(AssignmentOne.java:11)
at MavenHomework.AssignmentOne.setup(AssignmentOne.java:11)
at MavenHomework.AssignmentOne.setup(AssignmentOne.java:11)
at MavenHomework.AssignmentOne.setup(AssignmentOne.java:11)
at MavenHomework.AssignmentOne.setup(AssignmentOne.java:11)
at MavenHomework.AssignmentOne.setup(AssignmentOne.java:11)
at MavenHomework.AssignmentOne.setup(AssignmentOne.java:11)
at MavenHomework.AssignmentOne.setup(AssignmentOne.java:11)
at MavenHomework.AssignmentOne.setup(AssignmentOne.java:11)
at MavenHomework.AssignmentOne.setup(AssignmentOne.java:11)
at MavenHomework.AssignmentOne.setup(AssignmentOne.java:11)
at MavenHomework.AssignmentOne.setup(AssignmentOne.java:11)
at MavenHomework.AssignmentOne.setup(AssignmentOne.java:11)
at MavenHomework.AssignmentOne.setup(AssignmentOne.java:11)
at MavenHomework.AssignmentOne.setup(AssignmentOne.java:11)
at MavenHomework.AssignmentOne.setup(AssignmentOne.java:11)
at MavenHomework.AssignmentOne.setup(AssignmentOne.java:11)
at MavenHomework.AssignmentOne.setup(AssignmentOne.java:11)
at MavenHomework.AssignmentOne.setup(AssignmentOne.java:11)
at MavenHomework.AssignmentOne.setup(AssignmentOne.java:11)
at MavenHomework.AssignmentOne.setup(AssignmentOne.java:11)
at MavenHomework.AssignmentOne.setup(AssignmentOne.java:11)
at MavenHomework.AssignmentOne.setup(AssignmentOne.java:11)
at MavenHomework.AssignmentOne.setup(AssignmentOne.java:11)
at MavenHomework.AssignmentOne.setup(AssignmentOne.java:11)
at MavenHomework.AssignmentOne.setup(AssignmentOne.java:11)
at MavenHomework.AssignmentOne.setup(AssignmentOne.java:11)
at MavenHomework.AssignmentOne.setup(AssignmentOne.java:11)
at MavenHomework.AssignmentOne.setup(AssignmentOne.java:11)
at MavenHomework.AssignmentOne.setup(AssignmentOne.java:11)
at MavenHomework.AssignmentOne.setup(AssignmentOne.java:11)
at MavenHomework.AssignmentOne.setup(AssignmentOne.java:11)
at MavenHomework.AssignmentOne.setup(AssignmentOne.java:11)
at MavenHomework.AssignmentOne.setup(AssignmentOne.java:11)
at MavenHomework.AssignmentOne.setup(AssignmentOne.java:11)
at MavenHomework.AssignmentOne.setup(AssignmentOne.java:11)
at MavenHomework.AssignmentOne.setup(AssignmentOne.java:11)
at MavenHomework.AssignmentOne.setup(AssignmentOne.java:11)
at MavenHomework.AssignmentOne.setup(AssignmentOne.java:11)
at MavenHomework.AssignmentOne.setup(AssignmentOne.java:11)
at MavenHomework.AssignmentOne.setup(AssignmentOne.java:11)
at MavenHomework.AssignmentOne.setup(AssignmentOne.java:11)
at MavenHomework.AssignmentOne.setup(AssignmentOne.java:11)
at MavenHomework.AssignmentOne.setup(AssignmentOne.java:11)
at MavenHomework.AssignmentOne.setup(AssignmentOne.java:11)
at MavenHomework.AssignmentOne.setup(AssignmentOne.java:11)
at MavenHomework.AssignmentOne.setup(AssignmentOne.java:11)
at MavenHomework.AssignmentOne.setup(AssignmentOne.java:11)
at MavenHomework.AssignmentOne.setup(AssignmentOne.java:11)
at MavenHomework.AssignmentOne.setup(AssignmentOne.java:11)
at MavenHomework.AssignmentOne.setup(AssignmentOne.java:11)
at MavenHomework.AssignmentOne.setup(AssignmentOne.java:11)
at MavenHomework.AssignmentOne.setup(AssignmentOne.java:11)
at MavenHomework.AssignmentOne.setup(AssignmentOne.java:11)
at MavenHomework.AssignmentOne.setup(AssignmentOne.java:11)
at MavenHomework.AssignmentOne.setup(AssignmentOne.java:11)
at MavenHomework.AssignmentOne.setup(AssignmentOne.java:11)
at MavenHomework.AssignmentOne.setup(AssignmentOne.java:11)
at MavenHomework.AssignmentOne.setup(AssignmentOne.java:11)
at MavenHomework.AssignmentOne.setup(AssignmentOne.java:11)
at MavenHomework.AssignmentOne.setup(AssignmentOne.java:11)
at MavenHomework.AssignmentOne.setup(AssignmentOne.java:11)
at MavenHomework.AssignmentOne.setup(AssignmentOne.java:11)
at MavenHomework.AssignmentOne.setup(AssignmentOne.java:11)
at MavenHomework.AssignmentOne.setup(AssignmentOne.java:11)
at MavenHomework.AssignmentOne.setup(AssignmentOne.java:11)
at MavenHomework.AssignmentOne.setup(AssignmentOne.java:11)
at MavenHomework.AssignmentOne.setup(AssignmentOne.java:11)
at MavenHomework.AssignmentOne.setup(AssignmentOne.java:11)
at MavenHomework.AssignmentOne.setup(AssignmentOne.java:11)
at MavenHomework.AssignmentOne.setup(AssignmentOne.java:11)
at MavenHomework.AssignmentOne.setup(AssignmentOne.java:11)
at MavenHomework.AssignmentOne.setup(AssignmentOne.java:11)
at MavenHomework.AssignmentOne.setup(AssignmentOne.java:11)
at MavenHomework.AssignmentOne.setup(AssignmentOne.java:11)
at MavenHomework.AssignmentOne.setup(AssignmentOne.java:11)
at MavenHomework.AssignmentOne.setup(AssignmentOne.java:11)
at MavenHomework.AssignmentOne.setup(AssignmentOne.java:11)
at MavenHomework.AssignmentOne.setup(AssignmentOne.java:11)
at MavenHomework.AssignmentOne.setup(AssignmentOne.java:11)
at MavenHomework.AssignmentOne.setup(AssignmentOne.java:11)
at MavenHomework.AssignmentOne.setup(AssignmentOne.java:11)
at MavenHomework.AssignmentOne.setup(AssignmentOne.java:11)
at MavenHomework.AssignmentOne.setup(AssignmentOne.java:11)
at MavenHomework.AssignmentOne.setup(AssignmentOne.java:11)
at MavenHomework.AssignmentOne.setup(AssignmentOne.java:11)
at MavenHomework.AssignmentOne.setup(AssignmentOne.java:11)
at MavenHomework.AssignmentOne.setup(AssignmentOne.java:11)
at MavenHomework.AssignmentOne.setup(AssignmentOne.java:11)
at MavenHomework.AssignmentOne.setup(AssignmentOne.java:11)
at MavenHomework.AssignmentOne.setup(AssignmentOne.java:11)
at MavenHomework.AssignmentOne.setup(AssignmentOne.java:11)
at MavenHomework.AssignmentOne.setup(AssignmentOne.java:11)
at MavenHomework.AssignmentOne.setup(AssignmentOne.java:11)
at MavenHomework.AssignmentOne.setup(AssignmentOne.java:11)
at MavenHomework.AssignmentOne.setup(AssignmentOne.java:11)
at MavenHomework.AssignmentOne.setup(AssignmentOne.java:11)
at MavenHomework.AssignmentOne.setup(AssignmentOne.java:11)
at MavenHomework.AssignmentOne.setup(AssignmentOne.java:11)
at MavenHomework.AssignmentOne.setup(AssignmentOne.java:11)
at MavenHomework.AssignmentOne.setup(AssignmentOne.java:11)
at MavenHomework.AssignmentOne.setup(AssignmentOne.java:11)
at MavenHomework.AssignmentOne.setup(AssignmentOne.java:11)
at MavenHomework.AssignmentOne.setup(AssignmentOne.java:11)
at MavenHomework.AssignmentOne.setup(AssignmentOne.java:11)
at MavenHomework.AssignmentOne.setup(AssignmentOne.java:11)
at MavenHomework.AssignmentOne.setup(AssignmentOne.java:11)
at MavenHomework.AssignmentOne.setup(AssignmentOne.java:11)
at MavenHomework.AssignmentOne.setup(AssignmentOne.java:11)
at MavenHomework.AssignmentOne.setup(AssignmentOne.java:11)
at MavenHomework.AssignmentOne.setup(AssignmentOne.java:11)
at MavenHomework.AssignmentOne.setup(AssignmentOne.java:11)
at MavenHomework.AssignmentOne.setup(AssignmentOne.java:11)
at MavenHomework.AssignmentOne.setup(AssignmentOne.java:11)
at MavenHomework.AssignmentOne.setup(AssignmentOne.java:11)
at MavenHomework.AssignmentOne.setup(AssignmentOne.java:11)
at MavenHomework.AssignmentOne.setup(AssignmentOne.java:11)
at MavenHomework.AssignmentOne.setup(AssignmentOne.java:11)
at MavenHomework.AssignmentOne.setup(AssignmentOne.java:11)
at MavenHomework.AssignmentOne.setup(AssignmentOne.java:11)
at MavenHomework.AssignmentOne.setup(AssignmentOne.java:11)
at MavenHomework.AssignmentOne.setup(AssignmentOne.java:11)
at MavenHomework.AssignmentOne.setup(AssignmentOne.java:11)
at MavenHomework.AssignmentOne.setup(AssignmentOne.java:11)
at MavenHomework.AssignmentOne.setup(AssignmentOne.java:11)
at MavenHomework.AssignmentOne.setup(AssignmentOne.java:11)
at MavenHomework.AssignmentOne.setup(AssignmentOne.java:11)
at MavenHomework.AssignmentOne.setup(AssignmentOne.java:11)
at MavenHomework.AssignmentOne.setup(AssignmentOne.java:11)
at MavenHomework.AssignmentOne.setup(AssignmentOne.java:11)
at MavenHomework.AssignmentOne.setup(AssignmentOne.java:11)
at MavenHomework.AssignmentOne.setup(AssignmentOne.java:11)
at MavenHomework.AssignmentOne.setup(AssignmentOne.java:11)
at MavenHomework.AssignmentOne.setup(AssignmentOne.java:11)
at MavenHomework.AssignmentOne.setup(AssignmentOne.java:11)
at MavenHomework.AssignmentOne.setup(AssignmentOne.java:11)
at MavenHomework.AssignmentOne.setup(AssignmentOne.java:11)
at MavenHomework.AssignmentOne.setup(AssignmentOne.java:11)
at MavenHomework.AssignmentOne.setup(AssignmentOne.java:11)
at MavenHomework.AssignmentOne.setup(AssignmentOne.java:11)
at MavenHomework.AssignmentOne.setup(AssignmentOne.java:11)
at MavenHomework.AssignmentOne.setup(AssignmentOne.java:11)
at MavenHomework.AssignmentOne.setup(AssignmentOne.java:11)
at MavenHomework.AssignmentOne.setup(AssignmentOne.java:11)
at MavenHomework.AssignmentOne.setup(AssignmentOne.java:11)
at MavenHomework.AssignmentOne.setup(AssignmentOne.java:11)
at MavenHomework.AssignmentOne.setup(AssignmentOne.java:11)
at MavenHomework.AssignmentOne.setup(AssignmentOne.java:11)
at MavenHomework.AssignmentOne.setup(AssignmentOne.java:11)
at MavenHomework.AssignmentOne.setup(AssignmentOne.java:11)
at MavenHomework.AssignmentOne.setup(AssignmentOne.java:11)
at MavenHomework.AssignmentOne.setup(AssignmentOne.java:11)
at MavenHomework.AssignmentOne.setup(AssignmentOne.java:11)
at MavenHomework.AssignmentOne.setup(AssignmentOne.java:11)
at MavenHomework.AssignmentOne.setup(AssignmentOne.java:11)
at MavenHomework.AssignmentOne.setup(AssignmentOne.java:11)
at MavenHomework.AssignmentOne.setup(AssignmentOne.java:11)
at MavenHomework.AssignmentOne.setup(AssignmentOne.java:11)
at MavenHomework.AssignmentOne.setup(AssignmentOne.java:11)
at MavenHomework.AssignmentOne.setup(AssignmentOne.java:11)
at MavenHomework.AssignmentOne.setup(AssignmentOne.java:11)
at MavenHomework.AssignmentOne.setup(AssignmentOne.java:11)
at MavenHomework.AssignmentOne.setup(AssignmentOne.java:11)
at MavenHomework.AssignmentOne.setup(AssignmentOne.java:11)
at MavenHomework.AssignmentOne.setup(AssignmentOne.java:11)
at MavenHomework.AssignmentOne.setup(AssignmentOne.java:11)
at MavenHomework.AssignmentOne.setup(AssignmentOne.java:11)
at MavenHomework.AssignmentOne.setup(AssignmentOne.java:11)
]]>
            </full-stacktrace>
          </exception> <!-- java.lang.StackOverflowError -->
          <reporter-output>
          </reporter-output>
        </test-method> <!-- setup -->
        <test-method signature="getGoogleTitle()[pri:0, instance:MavenHomework.AssignmentOne@485966cc]" started-at="2018-12-08T19:22:21Z" name="getGoogleTitle" finished-at="2018-12-08T19:22:21Z" duration-ms="0" status="SKIP">
          <exception class="java.lang.StackOverflowError">
            <full-stacktrace>
              <![CDATA[java.lang.StackOverflowError
at MavenHomework.AssignmentOne.setup(AssignmentOne.java:11)
at MavenHomework.AssignmentOne.setup(AssignmentOne.java:11)
at MavenHomework.AssignmentOne.setup(AssignmentOne.java:11)
at MavenHomework.AssignmentOne.setup(AssignmentOne.java:11)
at MavenHomework.AssignmentOne.setup(AssignmentOne.java:11)
at MavenHomework.AssignmentOne.setup(AssignmentOne.java:11)
at MavenHomework.AssignmentOne.setup(AssignmentOne.java:11)
at MavenHomework.AssignmentOne.setup(AssignmentOne.java:11)
at MavenHomework.AssignmentOne.setup(AssignmentOne.java:11)
at MavenHomework.AssignmentOne.setup(AssignmentOne.java:11)
at MavenHomework.AssignmentOne.setup(AssignmentOne.java:11)
at MavenHomework.AssignmentOne.setup(AssignmentOne.java:11)
at MavenHomework.AssignmentOne.setup(AssignmentOne.java:11)
at MavenHomework.AssignmentOne.setup(AssignmentOne.java:11)
at MavenHomework.AssignmentOne.setup(AssignmentOne.java:11)
at MavenHomework.AssignmentOne.setup(AssignmentOne.java:11)
at MavenHomework.AssignmentOne.setup(AssignmentOne.java:11)
at MavenHomework.AssignmentOne.setup(AssignmentOne.java:11)
at MavenHomework.AssignmentOne.setup(AssignmentOne.java:11)
at MavenHomework.AssignmentOne.setup(AssignmentOne.java:11)
at MavenHomework.AssignmentOne.setup(AssignmentOne.java:11)
at MavenHomework.AssignmentOne.setup(AssignmentOne.java:11)
at MavenHomework.AssignmentOne.setup(AssignmentOne.java:11)
at MavenHomework.AssignmentOne.setup(AssignmentOne.java:11)
at MavenHomework.AssignmentOne.setup(AssignmentOne.java:11)
at MavenHomework.AssignmentOne.setup(AssignmentOne.java:11)
at MavenHomework.AssignmentOne.setup(AssignmentOne.java:11)
at MavenHomework.AssignmentOne.setup(AssignmentOne.java:11)
at MavenHomework.AssignmentOne.setup(AssignmentOne.java:11)
at MavenHomework.AssignmentOne.setup(AssignmentOne.java:11)
at MavenHomework.AssignmentOne.setup(AssignmentOne.java:11)
at MavenHomework.AssignmentOne.setup(AssignmentOne.java:11)
at MavenHomework.AssignmentOne.setup(AssignmentOne.java:11)
at MavenHomework.AssignmentOne.setup(AssignmentOne.java:11)
at MavenHomework.AssignmentOne.setup(AssignmentOne.java:11)
at MavenHomework.AssignmentOne.setup(AssignmentOne.java:11)
at MavenHomework.AssignmentOne.setup(AssignmentOne.java:11)
at MavenHomework.AssignmentOne.setup(AssignmentOne.java:11)
at MavenHomework.AssignmentOne.setup(AssignmentOne.java:11)
at MavenHomework.AssignmentOne.setup(AssignmentOne.java:11)
at MavenHomework.AssignmentOne.setup(AssignmentOne.java:11)
at MavenHomework.AssignmentOne.setup(AssignmentOne.java:11)
at MavenHomework.AssignmentOne.setup(AssignmentOne.java:11)
at MavenHomework.AssignmentOne.setup(AssignmentOne.java:11)
at MavenHomework.AssignmentOne.setup(AssignmentOne.java:11)
at MavenHomework.AssignmentOne.setup(AssignmentOne.java:11)
at MavenHomework.AssignmentOne.setup(AssignmentOne.java:11)
at MavenHomework.AssignmentOne.setup(AssignmentOne.java:11)
at MavenHomework.AssignmentOne.setup(AssignmentOne.java:11)
at MavenHomework.AssignmentOne.setup(AssignmentOne.java:11)
at MavenHomework.AssignmentOne.setup(AssignmentOne.java:11)
at MavenHomework.AssignmentOne.setup(AssignmentOne.java:11)
at MavenHomework.AssignmentOne.setup(AssignmentOne.java:11)
at MavenHomework.AssignmentOne.setup(AssignmentOne.java:11)
at MavenHomework.AssignmentOne.setup(AssignmentOne.java:11)
at MavenHomework.AssignmentOne.setup(AssignmentOne.java:11)
at MavenHomework.AssignmentOne.setup(AssignmentOne.java:11)
at MavenHomework.AssignmentOne.setup(AssignmentOne.java:11)
at MavenHomework.AssignmentOne.setup(AssignmentOne.java:11)
at MavenHomework.AssignmentOne.setup(AssignmentOne.java:11)
at MavenHomework.AssignmentOne.setup(AssignmentOne.java:11)
at MavenHomework.AssignmentOne.setup(AssignmentOne.java:11)
at MavenHomework.AssignmentOne.setup(AssignmentOne.java:11)
at MavenHomework.AssignmentOne.setup(AssignmentOne.java:11)
at MavenHomework.AssignmentOne.setup(AssignmentOne.java:11)
at MavenHomework.AssignmentOne.setup(AssignmentOne.java:11)
at MavenHomework.AssignmentOne.setup(AssignmentOne.java:11)
at MavenHomework.AssignmentOne.setup(AssignmentOne.java:11)
at MavenHomework.AssignmentOne.setup(AssignmentOne.java:11)
at MavenHomework.AssignmentOne.setup(AssignmentOne.java:11)
at MavenHomework.AssignmentOne.setup(AssignmentOne.java:11)
at MavenHomework.AssignmentOne.setup(AssignmentOne.java:11)
at MavenHomework.AssignmentOne.setup(AssignmentOne.java:11)
at MavenHomework.AssignmentOne.setup(AssignmentOne.java:11)
at MavenHomework.AssignmentOne.setup(AssignmentOne.java:11)
at MavenHomework.AssignmentOne.setup(AssignmentOne.java:11)
at MavenHomework.AssignmentOne.setup(AssignmentOne.java:11)
at MavenHomework.AssignmentOne.setup(AssignmentOne.java:11)
at MavenHomework.AssignmentOne.setup(AssignmentOne.java:11)
at MavenHomework.AssignmentOne.setup(AssignmentOne.java:11)
at MavenHomework.AssignmentOne.setup(AssignmentOne.java:11)
at MavenHomework.AssignmentOne.setup(AssignmentOne.java:11)
at MavenHomework.AssignmentOne.setup(AssignmentOne.java:11)
at MavenHomework.AssignmentOne.setup(AssignmentOne.java:11)
at MavenHomework.AssignmentOne.setup(AssignmentOne.java:11)
at MavenHomework.AssignmentOne.setup(AssignmentOne.java:11)
at MavenHomework.AssignmentOne.setup(AssignmentOne.java:11)
at MavenHomework.AssignmentOne.setup(AssignmentOne.java:11)
at MavenHomework.AssignmentOne.setup(AssignmentOne.java:11)
at MavenHomework.AssignmentOne.setup(AssignmentOne.java:11)
at MavenHomework.AssignmentOne.setup(AssignmentOne.java:11)
at MavenHomework.AssignmentOne.setup(AssignmentOne.java:11)
at MavenHomework.AssignmentOne.setup(AssignmentOne.java:11)
at MavenHomework.AssignmentOne.setup(AssignmentOne.java:11)
at MavenHomework.AssignmentOne.setup(AssignmentOne.java:11)
at MavenHomework.AssignmentOne.setup(AssignmentOne.java:11)
at MavenHomework.AssignmentOne.setup(AssignmentOne.java:11)
at MavenHomework.AssignmentOne.setup(AssignmentOne.java:11)
at MavenHomework.AssignmentOne.setup(AssignmentOne.java:11)
at MavenHomework.AssignmentOne.setup(AssignmentOne.java:11)
at MavenHomework.AssignmentOne.setup(AssignmentOne.java:11)
at MavenHomework.AssignmentOne.setup(AssignmentOne.java:11)
at MavenHomework.AssignmentOne.setup(AssignmentOne.java:11)
at MavenHomework.AssignmentOne.setup(AssignmentOne.java:11)
at MavenHomework.AssignmentOne.setup(AssignmentOne.java:11)
at MavenHomework.AssignmentOne.setup(AssignmentOne.java:11)
at MavenHomework.AssignmentOne.setup(AssignmentOne.java:11)
at MavenHomework.AssignmentOne.setup(AssignmentOne.java:11)
at MavenHomework.AssignmentOne.setup(AssignmentOne.java:11)
at MavenHomework.AssignmentOne.setup(AssignmentOne.java:11)
at MavenHomework.AssignmentOne.setup(AssignmentOne.java:11)
at MavenHomework.AssignmentOne.setup(AssignmentOne.java:11)
at MavenHomework.AssignmentOne.setup(AssignmentOne.java:11)
at MavenHomework.AssignmentOne.setup(AssignmentOne.java:11)
at MavenHomework.AssignmentOne.setup(AssignmentOne.java:11)
at MavenHomework.AssignmentOne.setup(AssignmentOne.java:11)
at MavenHomework.AssignmentOne.setup(AssignmentOne.java:11)
at MavenHomework.AssignmentOne.setup(AssignmentOne.java:11)
at MavenHomework.AssignmentOne.setup(AssignmentOne.java:11)
at MavenHomework.AssignmentOne.setup(AssignmentOne.java:11)
at MavenHomework.AssignmentOne.setup(AssignmentOne.java:11)
at MavenHomework.AssignmentOne.setup(AssignmentOne.java:11)
at MavenHomework.AssignmentOne.setup(AssignmentOne.java:11)
at MavenHomework.AssignmentOne.setup(AssignmentOne.java:11)
at MavenHomework.AssignmentOne.setup(AssignmentOne.java:11)
at MavenHomework.AssignmentOne.setup(AssignmentOne.java:11)
at MavenHomework.AssignmentOne.setup(AssignmentOne.java:11)
at MavenHomework.AssignmentOne.setup(AssignmentOne.java:11)
at MavenHomework.AssignmentOne.setup(AssignmentOne.java:11)
at MavenHomework.AssignmentOne.setup(AssignmentOne.java:11)
at MavenHomework.AssignmentOne.setup(AssignmentOne.java:11)
at MavenHomework.AssignmentOne.setup(AssignmentOne.java:11)
at MavenHomework.AssignmentOne.setup(AssignmentOne.java:11)
at MavenHomework.AssignmentOne.setup(AssignmentOne.java:11)
at MavenHomework.AssignmentOne.setup(AssignmentOne.java:11)
at MavenHomework.AssignmentOne.setup(AssignmentOne.java:11)
at MavenHomework.AssignmentOne.setup(AssignmentOne.java:11)
at MavenHomework.AssignmentOne.setup(AssignmentOne.java:11)
at MavenHomework.AssignmentOne.setup(AssignmentOne.java:11)
at MavenHomework.AssignmentOne.setup(AssignmentOne.java:11)
at MavenHomework.AssignmentOne.setup(AssignmentOne.java:11)
at MavenHomework.AssignmentOne.setup(AssignmentOne.java:11)
at MavenHomework.AssignmentOne.setup(AssignmentOne.java:11)
at MavenHomework.AssignmentOne.setup(AssignmentOne.java:11)
at MavenHomework.AssignmentOne.setup(AssignmentOne.java:11)
at MavenHomework.AssignmentOne.setup(AssignmentOne.java:11)
at MavenHomework.AssignmentOne.setup(AssignmentOne.java:11)
at MavenHomework.AssignmentOne.setup(AssignmentOne.java:11)
at MavenHomework.AssignmentOne.setup(AssignmentOne.java:11)
at MavenHomework.AssignmentOne.setup(AssignmentOne.java:11)
at MavenHomework.AssignmentOne.setup(AssignmentOne.java:11)
at MavenHomework.AssignmentOne.setup(AssignmentOne.java:11)
at MavenHomework.AssignmentOne.setup(AssignmentOne.java:11)
at MavenHomework.AssignmentOne.setup(AssignmentOne.java:11)
at MavenHomework.AssignmentOne.setup(AssignmentOne.java:11)
at MavenHomework.AssignmentOne.setup(AssignmentOne.java:11)
at MavenHomework.AssignmentOne.setup(AssignmentOne.java:11)
at MavenHomework.AssignmentOne.setup(AssignmentOne.java:11)
at MavenHomework.AssignmentOne.setup(AssignmentOne.java:11)
at MavenHomework.AssignmentOne.setup(AssignmentOne.java:11)
at MavenHomework.AssignmentOne.setup(AssignmentOne.java:11)
at MavenHomework.AssignmentOne.setup(AssignmentOne.java:11)
at MavenHomework.AssignmentOne.setup(AssignmentOne.java:11)
at MavenHomework.AssignmentOne.setup(AssignmentOne.java:11)
at MavenHomework.AssignmentOne.setup(AssignmentOne.java:11)
at MavenHomework.AssignmentOne.setup(AssignmentOne.java:11)
at MavenHomework.AssignmentOne.setup(AssignmentOne.java:11)
at MavenHomework.AssignmentOne.setup(AssignmentOne.java:11)
at MavenHomework.AssignmentOne.setup(AssignmentOne.java:11)
at MavenHomework.AssignmentOne.setup(AssignmentOne.java:11)
at MavenHomework.AssignmentOne.setup(AssignmentOne.java:11)
at MavenHomework.AssignmentOne.setup(AssignmentOne.java:11)
at MavenHomework.AssignmentOne.setup(AssignmentOne.java:11)
at MavenHomework.AssignmentOne.setup(AssignmentOne.java:11)
at MavenHomework.AssignmentOne.setup(AssignmentOne.java:11)
at MavenHomework.AssignmentOne.setup(AssignmentOne.java:11)
at MavenHomework.AssignmentOne.setup(AssignmentOne.java:11)
at MavenHomework.AssignmentOne.setup(AssignmentOne.java:11)
at MavenHomework.AssignmentOne.setup(AssignmentOne.java:11)
at MavenHomework.AssignmentOne.setup(AssignmentOne.java:11)
at MavenHomework.AssignmentOne.setup(AssignmentOne.java:11)
at MavenHomework.AssignmentOne.setup(AssignmentOne.java:11)
at MavenHomework.AssignmentOne.setup(AssignmentOne.java:11)
at MavenHomework.AssignmentOne.setup(AssignmentOne.java:11)
at MavenHomework.AssignmentOne.setup(AssignmentOne.java:11)
at MavenHomework.AssignmentOne.setup(AssignmentOne.java:11)
at MavenHomework.AssignmentOne.setup(AssignmentOne.java:11)
at MavenHomework.AssignmentOne.setup(AssignmentOne.java:11)
at MavenHomework.AssignmentOne.setup(AssignmentOne.java:11)
at MavenHomework.AssignmentOne.setup(AssignmentOne.java:11)
at MavenHomework.AssignmentOne.setup(AssignmentOne.java:11)
at MavenHomework.AssignmentOne.setup(AssignmentOne.java:11)
at MavenHomework.AssignmentOne.setup(AssignmentOne.java:11)
at MavenHomework.AssignmentOne.setup(AssignmentOne.java:11)
at MavenHomework.AssignmentOne.setup(AssignmentOne.java:11)
at MavenHomework.AssignmentOne.setup(AssignmentOne.java:11)
at MavenHomework.AssignmentOne.setup(AssignmentOne.java:11)
at MavenHomework.AssignmentOne.setup(AssignmentOne.java:11)
at MavenHomework.AssignmentOne.setup(AssignmentOne.java:11)
at MavenHomework.AssignmentOne.setup(AssignmentOne.java:11)
at MavenHomework.AssignmentOne.setup(AssignmentOne.java:11)
at MavenHomework.AssignmentOne.setup(AssignmentOne.java:11)
at MavenHomework.AssignmentOne.setup(AssignmentOne.java:11)
at MavenHomework.AssignmentOne.setup(AssignmentOne.java:11)
at MavenHomework.AssignmentOne.setup(AssignmentOne.java:11)
at MavenHomework.AssignmentOne.setup(AssignmentOne.java:11)
at MavenHomework.AssignmentOne.setup(AssignmentOne.java:11)
at MavenHomework.AssignmentOne.setup(AssignmentOne.java:11)
at MavenHomework.AssignmentOne.setup(AssignmentOne.java:11)
at MavenHomework.AssignmentOne.setup(AssignmentOne.java:11)
at MavenHomework.AssignmentOne.setup(AssignmentOne.java:11)
at MavenHomework.AssignmentOne.setup(AssignmentOne.java:11)
at MavenHomework.AssignmentOne.setup(AssignmentOne.java:11)
at MavenHomework.AssignmentOne.setup(AssignmentOne.java:11)
at MavenHomework.AssignmentOne.setup(AssignmentOne.java:11)
at MavenHomework.AssignmentOne.setup(AssignmentOne.java:11)
at MavenHomework.AssignmentOne.setup(AssignmentOne.java:11)
at MavenHomework.AssignmentOne.setup(AssignmentOne.java:11)
at MavenHomework.AssignmentOne.setup(AssignmentOne.java:11)
at MavenHomework.AssignmentOne.setup(AssignmentOne.java:11)
at MavenHomework.AssignmentOne.setup(AssignmentOne.java:11)
at MavenHomework.AssignmentOne.setup(AssignmentOne.java:11)
at MavenHomework.AssignmentOne.setup(AssignmentOne.java:11)
at MavenHomework.AssignmentOne.setup(AssignmentOne.java:11)
at MavenHomework.AssignmentOne.setup(AssignmentOne.java:11)
at MavenHomework.AssignmentOne.setup(AssignmentOne.java:11)
at MavenHomework.AssignmentOne.setup(AssignmentOne.java:11)
at MavenHomework.AssignmentOne.setup(AssignmentOne.java:11)
at MavenHomework.AssignmentOne.setup(AssignmentOne.java:11)
at MavenHomework.AssignmentOne.setup(AssignmentOne.java:11)
at MavenHomework.AssignmentOne.setup(AssignmentOne.java:11)
at MavenHomework.AssignmentOne.setup(AssignmentOne.java:11)
at MavenHomework.AssignmentOne.setup(AssignmentOne.java:11)
at MavenHomework.AssignmentOne.setup(AssignmentOne.java:11)
at MavenHomework.AssignmentOne.setup(AssignmentOne.java:11)
at MavenHomework.AssignmentOne.setup(AssignmentOne.java:11)
at MavenHomework.AssignmentOne.setup(AssignmentOne.java:11)
at MavenHomework.AssignmentOne.setup(AssignmentOne.java:11)
at MavenHomework.AssignmentOne.setup(AssignmentOne.java:11)
at MavenHomework.AssignmentOne.setup(AssignmentOne.java:11)
at MavenHomework.AssignmentOne.setup(AssignmentOne.java:11)
at MavenHomework.AssignmentOne.setup(AssignmentOne.java:11)
at MavenHomework.AssignmentOne.setup(AssignmentOne.java:11)
at MavenHomework.AssignmentOne.setup(AssignmentOne.java:11)
at MavenHomework.AssignmentOne.setup(AssignmentOne.java:11)
at MavenHomework.AssignmentOne.setup(AssignmentOne.java:11)
at MavenHomework.AssignmentOne.setup(AssignmentOne.java:11)
at MavenHomework.AssignmentOne.setup(AssignmentOne.java:11)
at MavenHomework.AssignmentOne.setup(AssignmentOne.java:11)
at MavenHomework.AssignmentOne.setup(AssignmentOne.java:11)
at MavenHomework.AssignmentOne.setup(AssignmentOne.java:11)
at MavenHomework.AssignmentOne.setup(AssignmentOne.java:11)
at MavenHomework.AssignmentOne.setup(AssignmentOne.java:11)
at MavenHomework.AssignmentOne.setup(AssignmentOne.java:11)
at MavenHomework.AssignmentOne.setup(AssignmentOne.java:11)
at MavenHomework.AssignmentOne.setup(AssignmentOne.java:11)
at MavenHomework.AssignmentOne.setup(AssignmentOne.java:11)
at MavenHomework.AssignmentOne.setup(AssignmentOne.java:11)
at MavenHomework.AssignmentOne.setup(AssignmentOne.java:11)
at MavenHomework.AssignmentOne.setup(AssignmentOne.java:11)
at MavenHomework.AssignmentOne.setup(AssignmentOne.java:11)
at MavenHomework.AssignmentOne.setup(AssignmentOne.java:11)
at MavenHomework.AssignmentOne.setup(AssignmentOne.java:11)
at MavenHomework.AssignmentOne.setup(AssignmentOne.java:11)
at MavenHomework.AssignmentOne.setup(AssignmentOne.java:11)
at MavenHomework.AssignmentOne.setup(AssignmentOne.java:11)
at MavenHomework.AssignmentOne.setup(AssignmentOne.java:11)
at MavenHomework.AssignmentOne.setup(AssignmentOne.java:11)
at MavenHomework.AssignmentOne.setup(AssignmentOne.java:11)
at MavenHomework.AssignmentOne.setup(AssignmentOne.java:11)
at MavenHomework.AssignmentOne.setup(AssignmentOne.java:11)
at MavenHomework.AssignmentOne.setup(AssignmentOne.java:11)
at MavenHomework.AssignmentOne.setup(AssignmentOne.java:11)
at MavenHomework.AssignmentOne.setup(AssignmentOne.java:11)
at MavenHomework.AssignmentOne.setup(AssignmentOne.java:11)
at MavenHomework.AssignmentOne.setup(AssignmentOne.java:11)
at MavenHomework.AssignmentOne.setup(AssignmentOne.java:11)
at MavenHomework.AssignmentOne.setup(AssignmentOne.java:11)
at MavenHomework.AssignmentOne.setup(AssignmentOne.java:11)
at MavenHomework.AssignmentOne.setup(AssignmentOne.java:11)
at MavenHomework.AssignmentOne.setup(AssignmentOne.java:11)
at MavenHomework.AssignmentOne.setup(AssignmentOne.java:11)
at MavenHomework.AssignmentOne.setup(AssignmentOne.java:11)
at MavenHomework.AssignmentOne.setup(AssignmentOne.java:11)
at MavenHomework.AssignmentOne.setup(AssignmentOne.java:11)
at MavenHomework.AssignmentOne.setup(AssignmentOne.java:11)
[...]
at MavenHomework.AssignmentOne.setup(AssignmentOne.java:11)
at MavenHomework.AssignmentOne.setup(AssignmentOne.java:11)
at MavenHomework.AssignmentOne.setup(AssignmentOne.java:11)
at MavenHomework.AssignmentOne.setup(AssignmentOne.java:11)
at MavenHomework.AssignmentOne.setup(AssignmentOne.java:11)
at MavenHomework.AssignmentOne.setup(AssignmentOne.java:11)
at MavenHomework.AssignmentOne.setup(AssignmentOne.java:11)
at MavenHomework.AssignmentOne.setup(AssignmentOne.java:11)
at MavenHomework.AssignmentOne.setup(AssignmentOne.java:11)
at MavenHomework.AssignmentOne.setup(AssignmentOne.java:11)
at MavenHomework.AssignmentOne.setup(AssignmentOne.java:11)
at MavenHomework.AssignmentOne.setup(AssignmentOne.java:11)
at MavenHomework.AssignmentOne.setup(AssignmentOne.java:11)
at MavenHomework.AssignmentOne.setup(AssignmentOne.java:11)
at MavenHomework.AssignmentOne.setup(AssignmentOne.java:11)
at MavenHomework.AssignmentOne.setup(AssignmentOne.java:11)
at MavenHomework.AssignmentOne.setup(AssignmentOne.java:11)
at MavenHomework.AssignmentOne.setup(AssignmentOne.java:11)
at MavenHomework.AssignmentOne.setup(AssignmentOne.java:11)
at MavenHomework.AssignmentOne.setup(AssignmentOne.java:11)
at MavenHomework.AssignmentOne.setup(AssignmentOne.java:11)
at MavenHomework.AssignmentOne.setup(AssignmentOne.java:11)
at MavenHomework.AssignmentOne.setup(AssignmentOne.java:11)
at MavenHomework.AssignmentOne.setup(AssignmentOne.java:11)
at MavenHomework.AssignmentOne.setup(AssignmentOne.java:11)
at MavenHomework.AssignmentOne.setup(AssignmentOne.java:11)
at MavenHomework.AssignmentOne.setup(AssignmentOne.java:11)
at MavenHomework.AssignmentOne.setup(AssignmentOne.java:11)
at MavenHomework.AssignmentOne.setup(AssignmentOne.java:11)
at MavenHomework.AssignmentOne.setup(AssignmentOne.java:11)
at MavenHomework.AssignmentOne.setup(AssignmentOne.java:11)
at MavenHomework.AssignmentOne.setup(AssignmentOne.java:11)
at MavenHomework.AssignmentOne.setup(AssignmentOne.java:11)
at MavenHomework.AssignmentOne.setup(AssignmentOne.java:11)
at MavenHomework.AssignmentOne.setup(AssignmentOne.java:11)
at MavenHomework.AssignmentOne.setup(AssignmentOne.java:11)
at MavenHomework.AssignmentOne.setup(AssignmentOne.java:11)
at MavenHomework.AssignmentOne.setup(AssignmentOne.java:11)
at MavenHomework.AssignmentOne.setup(AssignmentOne.java:11)
at MavenHomework.AssignmentOne.setup(AssignmentOne.java:11)
at MavenHomework.AssignmentOne.setup(AssignmentOne.java:11)
at MavenHomework.AssignmentOne.setup(AssignmentOne.java:11)
at MavenHomework.AssignmentOne.setup(AssignmentOne.java:11)
at MavenHomework.AssignmentOne.setup(AssignmentOne.java:11)
at MavenHomework.AssignmentOne.setup(AssignmentOne.java:11)
at MavenHomework.AssignmentOne.setup(AssignmentOne.java:11)
at MavenHomework.AssignmentOne.setup(AssignmentOne.java:11)
at MavenHomework.AssignmentOne.setup(AssignmentOne.java:11)
at MavenHomework.AssignmentOne.setup(AssignmentOne.java:11)
at MavenHomework.AssignmentOne.setup(AssignmentOne.java:11)
at MavenHomework.AssignmentOne.setup(AssignmentOne.java:11)
at MavenHomework.AssignmentOne.setup(AssignmentOne.java:11)
at MavenHomework.AssignmentOne.setup(AssignmentOne.java:11)
at MavenHomework.AssignmentOne.setup(AssignmentOne.java:11)
at MavenHomework.AssignmentOne.setup(AssignmentOne.java:11)
at MavenHomework.AssignmentOne.setup(AssignmentOne.java:11)
at MavenHomework.AssignmentOne.setup(AssignmentOne.java:11)
at MavenHomework.AssignmentOne.setup(AssignmentOne.java:11)
at MavenHomework.AssignmentOne.setup(AssignmentOne.java:11)
at MavenHomework.AssignmentOne.setup(AssignmentOne.java:11)
at MavenHomework.AssignmentOne.setup(AssignmentOne.java:11)
at MavenHomework.AssignmentOne.setup(AssignmentOne.java:11)
at MavenHomework.AssignmentOne.setup(AssignmentOne.java:11)
at MavenHomework.AssignmentOne.setup(AssignmentOne.java:11)
at MavenHomework.AssignmentOne.setup(AssignmentOne.java:11)
at MavenHomework.AssignmentOne.setup(AssignmentOne.java:11)
at MavenHomework.AssignmentOne.setup(AssignmentOne.java:11)
at MavenHomework.AssignmentOne.setup(AssignmentOne.java:11)
at MavenHomework.AssignmentOne.setup(AssignmentOne.java:11)
at MavenHomework.AssignmentOne.setup(AssignmentOne.java:11)
at MavenHomework.AssignmentOne.setup(AssignmentOne.java:11)
at MavenHomework.AssignmentOne.setup(AssignmentOne.java:11)
at MavenHomework.AssignmentOne.setup(AssignmentOne.java:11)
at MavenHomework.AssignmentOne.setup(AssignmentOne.java:11)
at MavenHomework.AssignmentOne.setup(AssignmentOne.java:11)
at MavenHomework.AssignmentOne.setup(AssignmentOne.java:11)
at MavenHomework.AssignmentOne.setup(AssignmentOne.java:11)
at MavenHomework.AssignmentOne.setup(AssignmentOne.java:11)
at MavenHomework.AssignmentOne.setup(AssignmentOne.java:11)
at MavenHomework.AssignmentOne.setup(AssignmentOne.java:11)
at MavenHomework.AssignmentOne.setup(AssignmentOne.java:11)
at MavenHomework.AssignmentOne.setup(AssignmentOne.java:11)
at MavenHomework.AssignmentOne.setup(AssignmentOne.java:11)
at MavenHomework.AssignmentOne.setup(AssignmentOne.java:11)
at MavenHomework.AssignmentOne.setup(AssignmentOne.java:11)
at MavenHomework.AssignmentOne.setup(AssignmentOne.java:11)
at MavenHomework.AssignmentOne.setup(AssignmentOne.java:11)
at MavenHomework.AssignmentOne.setup(AssignmentOne.java:11)
at MavenHomework.AssignmentOne.setup(AssignmentOne.java:11)
at MavenHomework.AssignmentOne.setup(AssignmentOne.java:11)
at MavenHomework.AssignmentOne.setup(AssignmentOne.java:11)
at MavenHomework.AssignmentOne.setup(AssignmentOne.java:11)
at MavenHomework.AssignmentOne.setup(AssignmentOne.java:11)
at MavenHomework.AssignmentOne.setup(AssignmentOne.java:11)
at MavenHomework.AssignmentOne.setup(AssignmentOne.java:11)
at MavenHomework.AssignmentOne.setup(AssignmentOne.java:11)
at MavenHomework.AssignmentOne.setup(AssignmentOne.java:11)
at MavenHomework.AssignmentOne.setup(AssignmentOne.java:11)
at MavenHomework.AssignmentOne.setup(AssignmentOne.java:11)
at MavenHomework.AssignmentOne.setup(AssignmentOne.java:11)
at MavenHomework.AssignmentOne.setup(AssignmentOne.java:11)
at MavenHomework.AssignmentOne.setup(AssignmentOne.java:11)
at MavenHomework.AssignmentOne.setup(AssignmentOne.java:11)
at MavenHomework.AssignmentOne.setup(AssignmentOne.java:11)
at MavenHomework.AssignmentOne.setup(AssignmentOne.java:11)
at MavenHomework.AssignmentOne.setup(AssignmentOne.java:11)
at MavenHomework.AssignmentOne.setup(AssignmentOne.java:11)
at MavenHomework.AssignmentOne.setup(AssignmentOne.java:11)
at MavenHomework.AssignmentOne.setup(AssignmentOne.java:11)
at MavenHomework.AssignmentOne.setup(AssignmentOne.java:11)
at MavenHomework.AssignmentOne.setup(AssignmentOne.java:11)
at MavenHomework.AssignmentOne.setup(AssignmentOne.java:11)
at MavenHomework.AssignmentOne.setup(AssignmentOne.java:11)
at MavenHomework.AssignmentOne.setup(AssignmentOne.java:11)
at MavenHomework.AssignmentOne.setup(AssignmentOne.java:11)
at MavenHomework.AssignmentOne.setup(AssignmentOne.java:11)
at MavenHomework.AssignmentOne.setup(AssignmentOne.java:11)
at MavenHomework.AssignmentOne.setup(AssignmentOne.java:11)
at MavenHomework.AssignmentOne.setup(AssignmentOne.java:11)
at MavenHomework.AssignmentOne.setup(AssignmentOne.java:11)
at MavenHomework.AssignmentOne.setup(AssignmentOne.java:11)
at MavenHomework.AssignmentOne.setup(AssignmentOne.java:11)
at MavenHomework.AssignmentOne.setup(AssignmentOne.java:11)
at MavenHomework.AssignmentOne.setup(AssignmentOne.java:11)
at MavenHomework.AssignmentOne.setup(AssignmentOne.java:11)
at MavenHomework.AssignmentOne.setup(AssignmentOne.java:11)
at MavenHomework.AssignmentOne.setup(AssignmentOne.java:11)
at MavenHomework.AssignmentOne.setup(AssignmentOne.java:11)
at MavenHomework.AssignmentOne.setup(AssignmentOne.java:11)
at MavenHomework.AssignmentOne.setup(AssignmentOne.java:11)
at MavenHomework.AssignmentOne.setup(AssignmentOne.java:11)
at MavenHomework.AssignmentOne.setup(AssignmentOne.java:11)
at MavenHomework.AssignmentOne.setup(AssignmentOne.java:11)
at MavenHomework.AssignmentOne.setup(AssignmentOne.java:11)
at MavenHomework.AssignmentOne.setup(AssignmentOne.java:11)
at MavenHomework.AssignmentOne.setup(AssignmentOne.java:11)
at MavenHomework.AssignmentOne.setup(AssignmentOne.java:11)
at MavenHomework.AssignmentOne.setup(AssignmentOne.java:11)
at MavenHomework.AssignmentOne.setup(AssignmentOne.java:11)
at MavenHomework.AssignmentOne.setup(AssignmentOne.java:11)
at MavenHomework.AssignmentOne.setup(AssignmentOne.java:11)
at MavenHomework.AssignmentOne.setup(AssignmentOne.java:11)
at MavenHomework.AssignmentOne.setup(AssignmentOne.java:11)
at MavenHomework.AssignmentOne.setup(AssignmentOne.java:11)
at MavenHomework.AssignmentOne.setup(AssignmentOne.java:11)
at MavenHomework.AssignmentOne.setup(AssignmentOne.java:11)
at MavenHomework.AssignmentOne.setup(AssignmentOne.java:11)
at MavenHomework.AssignmentOne.setup(AssignmentOne.java:11)
at MavenHomework.AssignmentOne.setup(AssignmentOne.java:11)
at MavenHomework.AssignmentOne.setup(AssignmentOne.java:11)
at MavenHomework.AssignmentOne.setup(AssignmentOne.java:11)
at MavenHomework.AssignmentOne.setup(AssignmentOne.java:11)
at MavenHomework.AssignmentOne.setup(AssignmentOne.java:11)
at MavenHomework.AssignmentOne.setup(AssignmentOne.java:11)
at MavenHomework.AssignmentOne.setup(AssignmentOne.java:11)
at MavenHomework.AssignmentOne.setup(AssignmentOne.java:11)
at MavenHomework.AssignmentOne.setup(AssignmentOne.java:11)
at MavenHomework.AssignmentOne.setup(AssignmentOne.java:11)
at MavenHomework.AssignmentOne.setup(AssignmentOne.java:11)
at MavenHomework.AssignmentOne.setup(AssignmentOne.java:11)
at MavenHomework.AssignmentOne.setup(AssignmentOne.java:11)
at MavenHomework.AssignmentOne.setup(AssignmentOne.java:11)
at MavenHomework.AssignmentOne.setup(AssignmentOne.java:11)
at MavenHomework.AssignmentOne.setup(AssignmentOne.java:11)
at MavenHomework.AssignmentOne.setup(AssignmentOne.java:11)
at MavenHomework.AssignmentOne.setup(AssignmentOne.java:11)
at MavenHomework.AssignmentOne.setup(AssignmentOne.java:11)
at MavenHomework.AssignmentOne.setup(AssignmentOne.java:11)
at MavenHomework.AssignmentOne.setup(AssignmentOne.java:11)
at MavenHomework.AssignmentOne.setup(AssignmentOne.java:11)
at MavenHomework.AssignmentOne.setup(AssignmentOne.java:11)
at MavenHomework.AssignmentOne.setup(AssignmentOne.java:11)
at MavenHomework.AssignmentOne.setup(AssignmentOne.java:11)
at MavenHomework.AssignmentOne.setup(AssignmentOne.java:11)
at MavenHomework.AssignmentOne.setup(AssignmentOne.java:11)
at MavenHomework.AssignmentOne.setup(AssignmentOne.java:11)
at MavenHomework.AssignmentOne.setup(AssignmentOne.java:11)
at MavenHomework.AssignmentOne.setup(AssignmentOne.java:11)
at MavenHomework.AssignmentOne.setup(AssignmentOne.java:11)
at MavenHomework.AssignmentOne.setup(AssignmentOne.java:11)
at MavenHomework.AssignmentOne.setup(AssignmentOne.java:11)
at MavenHomework.AssignmentOne.setup(AssignmentOne.java:11)
at MavenHomework.AssignmentOne.setup(AssignmentOne.java:11)
at MavenHomework.AssignmentOne.setup(AssignmentOne.java:11)
at MavenHomework.AssignmentOne.setup(AssignmentOne.java:11)
at MavenHomework.AssignmentOne.setup(AssignmentOne.java:11)
at MavenHomework.AssignmentOne.setup(AssignmentOne.java:11)
at MavenHomework.AssignmentOne.setup(AssignmentOne.java:11)
at MavenHomework.AssignmentOne.setup(AssignmentOne.java:11)
at MavenHomework.AssignmentOne.setup(AssignmentOne.java:11)
at MavenHomework.AssignmentOne.setup(AssignmentOne.java:11)
at MavenHomework.AssignmentOne.setup(AssignmentOne.java:11)
at MavenHomework.AssignmentOne.setup(AssignmentOne.java:11)
at MavenHomework.AssignmentOne.setup(AssignmentOne.java:11)
at MavenHomework.AssignmentOne.setup(AssignmentOne.java:11)
at MavenHomework.AssignmentOne.setup(AssignmentOne.java:11)
at MavenHomework.AssignmentOne.setup(AssignmentOne.java:11)
at MavenHomework.AssignmentOne.setup(AssignmentOne.java:11)
at MavenHomework.AssignmentOne.setup(AssignmentOne.java:11)
at MavenHomework.AssignmentOne.setup(AssignmentOne.java:11)
at MavenHomework.AssignmentOne.setup(AssignmentOne.java:11)
at MavenHomework.AssignmentOne.setup(AssignmentOne.java:11)
at MavenHomework.AssignmentOne.setup(AssignmentOne.java:11)
at MavenHomework.AssignmentOne.setup(AssignmentOne.java:11)
at MavenHomework.AssignmentOne.setup(AssignmentOne.java:11)
at MavenHomework.AssignmentOne.setup(AssignmentOne.java:11)
at MavenHomework.AssignmentOne.setup(AssignmentOne.java:11)
at MavenHomework.AssignmentOne.setup(AssignmentOne.java:11)
at MavenHomework.AssignmentOne.setup(AssignmentOne.java:11)
at MavenHomework.AssignmentOne.setup(AssignmentOne.java:11)
at MavenHomework.AssignmentOne.setup(AssignmentOne.java:11)
at MavenHomework.AssignmentOne.setup(AssignmentOne.java:11)
at MavenHomework.AssignmentOne.setup(AssignmentOne.java:11)
at MavenHomework.AssignmentOne.setup(AssignmentOne.java:11)
at MavenHomework.AssignmentOne.setup(AssignmentOne.java:11)
at MavenHomework.AssignmentOne.setup(AssignmentOne.java:11)
at MavenHomework.AssignmentOne.setup(AssignmentOne.java:11)
at MavenHomework.AssignmentOne.setup(AssignmentOne.java:11)
at MavenHomework.AssignmentOne.setup(AssignmentOne.java:11)
at MavenHomework.AssignmentOne.setup(AssignmentOne.java:11)
at MavenHomework.AssignmentOne.setup(AssignmentOne.java:11)
at MavenHomework.AssignmentOne.setup(AssignmentOne.java:11)
at MavenHomework.AssignmentOne.setup(AssignmentOne.java:11)
at MavenHomework.AssignmentOne.setup(AssignmentOne.java:11)
at MavenHomework.AssignmentOne.setup(AssignmentOne.java:11)
at MavenHomework.AssignmentOne.setup(AssignmentOne.java:11)
at MavenHomework.AssignmentOne.setup(AssignmentOne.java:11)
at MavenHomework.AssignmentOne.setup(AssignmentOne.java:11)
at MavenHomework.AssignmentOne.setup(AssignmentOne.java:11)
at MavenHomework.AssignmentOne.setup(AssignmentOne.java:11)
at MavenHomework.AssignmentOne.setup(AssignmentOne.java:11)
at MavenHomework.AssignmentOne.setup(AssignmentOne.java:11)
at MavenHomework.AssignmentOne.setup(AssignmentOne.java:11)
at MavenHomework.AssignmentOne.setup(AssignmentOne.java:11)
at MavenHomework.AssignmentOne.setup(AssignmentOne.java:11)
at MavenHomework.AssignmentOne.setup(AssignmentOne.java:11)
at MavenHomework.AssignmentOne.setup(AssignmentOne.java:11)
at MavenHomework.AssignmentOne.setup(AssignmentOne.java:11)
at MavenHomework.AssignmentOne.setup(AssignmentOne.java:11)
at MavenHomework.AssignmentOne.setup(AssignmentOne.java:11)
at MavenHomework.AssignmentOne.setup(AssignmentOne.java:11)
at MavenHomework.AssignmentOne.setup(AssignmentOne.java:11)
at MavenHomework.AssignmentOne.setup(AssignmentOne.java:11)
at MavenHomework.AssignmentOne.setup(AssignmentOne.java:11)
at MavenHomework.AssignmentOne.setup(AssignmentOne.java:11)
at MavenHomework.AssignmentOne.setup(AssignmentOne.java:11)
at MavenHomework.AssignmentOne.setup(AssignmentOne.java:11)
at MavenHomework.AssignmentOne.setup(AssignmentOne.java:11)
at MavenHomework.AssignmentOne.setup(AssignmentOne.java:11)
at MavenHomework.AssignmentOne.setup(AssignmentOne.java:11)
at MavenHomework.AssignmentOne.setup(AssignmentOne.java:11)
at MavenHomework.AssignmentOne.setup(AssignmentOne.java:11)
at MavenHomework.AssignmentOne.setup(AssignmentOne.java:11)
at MavenHomework.AssignmentOne.setup(AssignmentOne.java:11)
at MavenHomework.AssignmentOne.setup(AssignmentOne.java:11)
at MavenHomework.AssignmentOne.setup(AssignmentOne.java:11)
at MavenHomework.AssignmentOne.setup(AssignmentOne.java:11)
at MavenHomework.AssignmentOne.setup(AssignmentOne.java:11)
at MavenHomework.AssignmentOne.setup(AssignmentOne.java:11)
at MavenHomework.AssignmentOne.setup(AssignmentOne.java:11)
at MavenHomework.AssignmentOne.setup(AssignmentOne.java:11)
at MavenHomework.AssignmentOne.setup(AssignmentOne.java:11)
at MavenHomework.AssignmentOne.setup(AssignmentOne.java:11)
at MavenHomework.AssignmentOne.setup(AssignmentOne.java:11)
at MavenHomework.AssignmentOne.setup(AssignmentOne.java:11)
at MavenHomework.AssignmentOne.setup(AssignmentOne.java:11)
at MavenHomework.AssignmentOne.setup(AssignmentOne.java:11)
at MavenHomework.AssignmentOne.setup(AssignmentOne.java:11)
at MavenHomework.AssignmentOne.setup(AssignmentOne.java:11)
at MavenHomework.AssignmentOne.setup(AssignmentOne.java:11)
at MavenHomework.AssignmentOne.setup(AssignmentOne.java:11)
at MavenHomework.AssignmentOne.setup(AssignmentOne.java:11)
at MavenHomework.AssignmentOne.setup(AssignmentOne.java:11)
at MavenHomework.AssignmentOne.setup(AssignmentOne.java:11)
at MavenHomework.AssignmentOne.setup(AssignmentOne.java:11)
at MavenHomework.AssignmentOne.setup(AssignmentOne.java:11)
at MavenHomework.AssignmentOne.setup(AssignmentOne.java:11)
at MavenHomework.AssignmentOne.setup(AssignmentOne.java:11)
at MavenHomework.AssignmentOne.setup(AssignmentOne.java:11)
at MavenHomework.AssignmentOne.setup(AssignmentOne.java:11)
at MavenHomework.AssignmentOne.setup(AssignmentOne.java:11)
at MavenHomework.AssignmentOne.setup(AssignmentOne.java:11)
at MavenHomework.AssignmentOne.setup(AssignmentOne.java:11)
at MavenHomework.AssignmentOne.setup(AssignmentOne.java:11)
at MavenHomework.AssignmentOne.setup(AssignmentOne.java:11)
at MavenHomework.AssignmentOne.setup(AssignmentOne.java:11)
at MavenHomework.AssignmentOne.setup(AssignmentOne.java:11)
at MavenHomework.AssignmentOne.setup(AssignmentOne.java:11)
at MavenHomework.AssignmentOne.setup(AssignmentOne.java:11)
at MavenHomework.AssignmentOne.setup(AssignmentOne.java:11)
at MavenHomework.AssignmentOne.setup(AssignmentOne.java:11)
at MavenHomework.AssignmentOne.setup(AssignmentOne.java:11)
at MavenHomework.AssignmentOne.setup(AssignmentOne.java:11)
at MavenHomework.AssignmentOne.setup(AssignmentOne.java:11)
at MavenHomework.AssignmentOne.setup(AssignmentOne.java:11)
at MavenHomework.AssignmentOne.setup(AssignmentOne.java:11)
at MavenHomework.AssignmentOne.setup(AssignmentOne.java:11)
at MavenHomework.AssignmentOne.setup(AssignmentOne.java:11)
at MavenHomework.AssignmentOne.setup(AssignmentOne.java:11)
at MavenHomework.AssignmentOne.setup(AssignmentOne.java:11)
at MavenHomework.AssignmentOne.setup(AssignmentOne.java:11)
at MavenHomework.AssignmentOne.setup(AssignmentOne.java:11)
at MavenHomework.AssignmentOne.setup(AssignmentOne.java:11)
at MavenHomework.AssignmentOne.setup(AssignmentOne.java:11)
at MavenHomework.AssignmentOne.setup(AssignmentOne.java:11)
at MavenHomework.AssignmentOne.setup(AssignmentOne.java:11)
at MavenHomework.AssignmentOne.setup(AssignmentOne.java:11)
at MavenHomework.AssignmentOne.setup(AssignmentOne.java:11)
at MavenHomework.AssignmentOne.setup(AssignmentOne.java:11)
at MavenHomework.AssignmentOne.setup(AssignmentOne.java:11)
at MavenHomework.AssignmentOne.setup(AssignmentOne.java:11)
at MavenHomework.AssignmentOne.setup(AssignmentOne.java:11)
at MavenHomework.AssignmentOne.setup(AssignmentOne.java:11)
at MavenHomework.AssignmentOne.setup(AssignmentOne.java:11)
at MavenHomework.AssignmentOne.setup(AssignmentOne.java:11)
at MavenHomework.AssignmentOne.setup(AssignmentOne.java:11)
at MavenHomework.AssignmentOne.setup(AssignmentOne.java:11)
at MavenHomework.AssignmentOne.setup(AssignmentOne.java:11)
at MavenHomework.AssignmentOne.setup(AssignmentOne.java:11)
at MavenHomework.AssignmentOne.setup(AssignmentOne.java:11)
at MavenHomework.AssignmentOne.setup(AssignmentOne.java:11)
at MavenHomework.AssignmentOne.setup(AssignmentOne.java:11)
at MavenHomework.AssignmentOne.setup(AssignmentOne.java:11)
at MavenHomework.AssignmentOne.setup(AssignmentOne.java:11)
at MavenHomework.AssignmentOne.setup(AssignmentOne.java:11)
at MavenHomework.AssignmentOne.setup(AssignmentOne.java:11)
at MavenHomework.AssignmentOne.setup(AssignmentOne.java:11)
]]>
            </full-stacktrace>
          </exception> <!-- java.lang.StackOverflowError -->
          <reporter-output>
          </reporter-output>
        </test-method> <!-- getGoogleTitle -->
      </class> <!-- MavenHomework.AssignmentOne -->
    </test> <!-- Default test -->
  </suite> <!-- Default suite -->
</testng-results>
